[files]
C:\MiKTeX-Portable\texmfs\install\miktex\bin\pdfclose.exe
C:\MiKTeX-Portable\texmfs\install\miktex\bin\pdfdde.exe
C:\MiKTeX-Portable\texmfs\install\miktex\bin\pdfopen.exe
C:\MiKTeX-Portable\texmfs\install\miktex\bin\bg5pluslatex.exe
C:\MiKTeX-Portable\texmfs\install\miktex\bin\bg5pluspdflatex.exe
C:\MiKTeX-Portable\texmfs\install\miktex\bin\bg5latex.exe
C:\MiKTeX-Portable\texmfs\install\miktex\bin\bg5pdflatex.exe
C:\MiKTeX-Portable\texmfs\install\miktex\bin\bg5platex.exe
C:\MiKTeX-Portable\texmfs\install\miktex\bin\bg5ppdflatex.exe
C:\MiKTeX-Portable\texmfs\install\miktex\bin\cef5latex.exe
C:\MiKTeX-Portable\texmfs\install\miktex\bin\cef5pdflatex.exe
C:\MiKTeX-Portable\texmfs\install\miktex\bin\ceflatex.exe
C:\MiKTeX-Portable\texmfs\install\miktex\bin\cefpdflatex.exe
C:\MiKTeX-Portable\texmfs\install\miktex\bin\cefslatex.exe
C:\MiKTeX-Portable\texmfs\install\miktex\bin\cefspdflatex.exe
C:\MiKTeX-Portable\texmfs\install\miktex\bin\gbklatex.exe
C:\MiKTeX-Portable\texmfs\install\miktex\bin\gbkpdflatex.exe
C:\MiKTeX-Portable\texmfs\install\miktex\bin\sjislatex.exe
C:\MiKTeX-Portable\texmfs\install\miktex\bin\sjispdflatex.exe
C:\MiKTeX-Portable\texmfs\install\miktex\bin\afm2tfm.exe
C:\MiKTeX-Portable\texmfs\install\miktex\bin\autosp.exe
C:\MiKTeX-Portable\texmfs\install\miktex\bin\bg5conv.exe
C:\MiKTeX-Portable\texmfs\install\miktex\bin\bibtex8.exe
C:\MiKTeX-Portable\texmfs\install\miktex\bin\bibtexu.exe
C:\MiKTeX-Portable\texmfs\install\miktex\bin\bibtex.exe
C:\MiKTeX-Portable\texmfs\install\miktex\bin\cef5conv.exe
C:\MiKTeX-Portable\texmfs\install\miktex\bin\cefconv.exe
C:\MiKTeX-Portable\texmfs\install\miktex\bin\cefsconv.exe
C:\MiKTeX-Portable\texmfs\install\miktex\bin\chktex.exe
C:\MiKTeX-Portable\texmfs\install\miktex\bin\devnag.exe
C:\MiKTeX-Portable\texmfs\install\miktex\bin\dvicopy.exe
C:\MiKTeX-Portable\texmfs\install\miktex\bin\dvipdfm.exe
C:\MiKTeX-Portable\texmfs\install\miktex\bin\dvipdfmx.exe
C:\MiKTeX-Portable\texmfs\install\miktex\bin\ebb.exe
C:\MiKTeX-Portable\texmfs\install\miktex\bin\extractbb.exe
C:\MiKTeX-Portable\texmfs\install\miktex\bin\xbb.exe
C:\MiKTeX-Portable\texmfs\install\miktex\bin\xdvipdfmx.exe
C:\MiKTeX-Portable\texmfs\install\miktex\bin\miktex-xdvipdfmx.exe
C:\MiKTeX-Portable\texmfs\install\miktex\bin\dvipng.exe
C:\MiKTeX-Portable\texmfs\install\miktex\bin\dvips.exe
C:\MiKTeX-Portable\texmfs\install\miktex\bin\dvisvgm.exe
C:\MiKTeX-Portable\texmfs\install\miktex\bin\dvitype.exe
C:\MiKTeX-Portable\texmfs\install\miktex\bin\epsffit.exe
C:\MiKTeX-Portable\texmfs\install\miktex\bin\epstopdf.exe
C:\MiKTeX-Portable\texmfs\install\miktex\bin\extconv.exe
C:\MiKTeX-Portable\texmfs\install\miktex\bin\fribidixetex.exe
C:\MiKTeX-Portable\texmfs\install\miktex\bin\gftodvi.exe
C:\MiKTeX-Portable\texmfs\install\miktex\bin\gftopk.exe
C:\MiKTeX-Portable\texmfs\install\miktex\bin\gftype.exe
C:\MiKTeX-Portable\texmfs\install\miktex\bin\gregorio.exe
C:\MiKTeX-Portable\texmfs\install\miktex\bin\hbf2gf.exe
C:\MiKTeX-Portable\texmfs\install\miktex\bin\miktex-texlua.exe
C:\MiKTeX-Portable\texmfs\install\miktex\bin\miktex-texluac.exe
C:\MiKTeX-Portable\texmfs\install\miktex\bin\luatex.exe
C:\MiKTeX-Portable\texmfs\install\miktex\bin\texlua.exe
C:\MiKTeX-Portable\texmfs\install\miktex\bin\texluac.exe
C:\MiKTeX-Portable\texmfs\install\miktex\bin\miktex-lualatex.exe
C:\MiKTeX-Portable\texmfs\install\miktex\bin\makebase.exe
C:\MiKTeX-Portable\texmfs\install\miktex\bin\makefmt.exe
C:\MiKTeX-Portable\texmfs\install\miktex\bin\makeindex.exe
C:\MiKTeX-Portable\texmfs\install\miktex\bin\makepk.exe
C:\MiKTeX-Portable\texmfs\install\miktex\bin\maketfm.exe
C:\MiKTeX-Portable\texmfs\install\miktex\bin\mft.exe
C:\MiKTeX-Portable\texmfs\install\miktex\bin\mf.exe
C:\MiKTeX-Portable\texmfs\install\miktex\bin\inimf.exe
C:\MiKTeX-Portable\texmfs\install\miktex\bin\virmf.exe
C:\MiKTeX-Portable\texmfs\install\miktex\bin\dvitomp.exe
C:\MiKTeX-Portable\texmfs\install\miktex\bin\mpost.exe
C:\MiKTeX-Portable\texmfs\install\miktex\bin\odvicopy.exe
C:\MiKTeX-Portable\texmfs\install\miktex\bin\ofm2opl.exe
C:\MiKTeX-Portable\texmfs\install\miktex\bin\omega.exe
C:\MiKTeX-Portable\texmfs\install\miktex\bin\opl2ofm.exe
C:\MiKTeX-Portable\texmfs\install\miktex\bin\ovf2ovp.exe
C:\MiKTeX-Portable\texmfs\install\miktex\bin\ovp2ovf.exe
C:\MiKTeX-Portable\texmfs\install\miktex\bin\pdftex.exe
C:\MiKTeX-Portable\texmfs\install\miktex\bin\miktex-latex.exe
C:\MiKTeX-Portable\texmfs\install\miktex\bin\miktex-pdflatex.exe
C:\MiKTeX-Portable\texmfs\install\miktex\bin\pk2bm.exe
C:\MiKTeX-Portable\texmfs\install\miktex\bin\pltotf.exe
C:\MiKTeX-Portable\texmfs\install\miktex\bin\pmxab.exe
C:\MiKTeX-Portable\texmfs\install\miktex\bin\pooltype.exe
C:\MiKTeX-Portable\texmfs\install\miktex\bin\prepmx.exe
C:\MiKTeX-Portable\texmfs\install\miktex\bin\ps2pk.exe
C:\MiKTeX-Portable\texmfs\install\miktex\bin\psbook.exe
C:\MiKTeX-Portable\texmfs\install\miktex\bin\psnup.exe
C:\MiKTeX-Portable\texmfs\install\miktex\bin\psresize.exe
C:\MiKTeX-Portable\texmfs\install\miktex\bin\psselect.exe
C:\MiKTeX-Portable\texmfs\install\miktex\bin\pstops.exe
C:\MiKTeX-Portable\texmfs\install\miktex\bin\rebar.exe
C:\MiKTeX-Portable\texmfs\install\miktex\bin\scor2prt.exe
C:\MiKTeX-Portable\texmfs\install\miktex\bin\sjisconv.exe
C:\MiKTeX-Portable\texmfs\install\miktex\bin\t4ht.exe
C:\MiKTeX-Portable\texmfs\install\miktex\bin\tangle.exe
C:\MiKTeX-Portable\texmfs\install\miktex\bin\tex4ht.exe
C:\MiKTeX-Portable\texmfs\install\miktex\bin\texworks.exe
C:\MiKTeX-Portable\texmfs\install\miktex\bin\tex.exe
C:\MiKTeX-Portable\texmfs\install\miktex\bin\initex.exe
C:\MiKTeX-Portable\texmfs\install\miktex\bin\virtex.exe
C:\MiKTeX-Portable\texmfs\install\miktex\bin\tftopl.exe
C:\MiKTeX-Portable\texmfs\install\miktex\bin\ttf2pk.exe
C:\MiKTeX-Portable\texmfs\install\miktex\bin\ttf2tfm.exe
C:\MiKTeX-Portable\texmfs\install\miktex\bin\vftovp.exe
C:\MiKTeX-Portable\texmfs\install\miktex\bin\vptovf.exe
C:\MiKTeX-Portable\texmfs\install\miktex\bin\weave.exe
C:\MiKTeX-Portable\texmfs\install\miktex\bin\xetex.exe
C:\MiKTeX-Portable\texmfs\install\miktex\bin\miktex-xelatex.exe
C:\MiKTeX-Portable\texmfs\install\miktex\bin\kpsewhich.exe
C:\MiKTeX-Portable\texmfs\install\miktex\bin\mktexlsr.exe
C:\MiKTeX-Portable\texmfs\install\miktex\bin\texhash.exe
C:\MiKTeX-Portable\texmfs\install\miktex\bin\texlinks.exe
C:\MiKTeX-Portable\texmfs\install\miktex\bin\updmap.exe
C:\MiKTeX-Portable\texmfs\install\miktex\bin\texdoc.exe
C:\MiKTeX-Portable\texmfs\install\miktex\bin\pdfdetach.exe
C:\MiKTeX-Portable\texmfs\install\miktex\bin\pdffonts.exe
C:\MiKTeX-Portable\texmfs\install\miktex\bin\pdfimages.exe
C:\MiKTeX-Portable\texmfs\install\miktex\bin\pdfinfo.exe
C:\MiKTeX-Portable\texmfs\install\miktex\bin\pdfseparate.exe
C:\MiKTeX-Portable\texmfs\install\miktex\bin\pdfsig.exe
C:\MiKTeX-Portable\texmfs\install\miktex\bin\pdftohtml.exe
C:\MiKTeX-Portable\texmfs\install\miktex\bin\pdftoppm.exe
C:\MiKTeX-Portable\texmfs\install\miktex\bin\pdftops.exe
C:\MiKTeX-Portable\texmfs\install\miktex\bin\pdftotext.exe
C:\MiKTeX-Portable\texmfs\install\miktex\bin\pdfunite.exe
C:\MiKTeX-Portable\texmfs\install\miktex\bin\etex.exe
C:\MiKTeX-Portable\texmfs\install\miktex\bin\amstex.exe
C:\MiKTeX-Portable\texmfs\install\miktex\bin\pdfcsplain.exe
C:\MiKTeX-Portable\texmfs\install\miktex\bin\dviluatex.exe
C:\MiKTeX-Portable\texmfs\install\miktex\bin\cslatex.exe
C:\MiKTeX-Portable\texmfs\install\miktex\bin\csplain.exe
C:\MiKTeX-Portable\texmfs\install\miktex\bin\pdfcslatex.exe
C:\MiKTeX-Portable\texmfs\install\miktex\bin\mltex.exe
C:\MiKTeX-Portable\texmfs\install\miktex\bin\bagpipe.exe
C:\MiKTeX-Portable\texmfs\install\miktex\bin\lualatex.exe
C:\MiKTeX-Portable\texmfs\install\miktex\bin\bplain.exe
C:\MiKTeX-Portable\texmfs\install\miktex\bin\bagpipex.exe
C:\MiKTeX-Portable\texmfs\install\miktex\bin\dvilualatex.exe
C:\MiKTeX-Portable\texmfs\install\miktex\bin\jadetex.exe
C:\MiKTeX-Portable\texmfs\install\miktex\bin\lambda.exe
C:\MiKTeX-Portable\texmfs\install\miktex\bin\latex.exe
C:\MiKTeX-Portable\texmfs\install\miktex\bin\luatex.exe
C:\MiKTeX-Portable\texmfs\install\miktex\bin\mex.exe
C:\MiKTeX-Portable\texmfs\install\miktex\bin\mf.exe
C:\MiKTeX-Portable\texmfs\install\miktex\bin\mllatex.exe
C:\MiKTeX-Portable\texmfs\install\miktex\bin\omega.exe
C:\MiKTeX-Portable\texmfs\install\miktex\bin\pdfetex.exe
C:\MiKTeX-Portable\texmfs\install\miktex\bin\pdfjadetex.exe
C:\MiKTeX-Portable\texmfs\install\miktex\bin\dvilualollipop.exe
C:\MiKTeX-Portable\texmfs\install\miktex\bin\pdflatex.exe
C:\MiKTeX-Portable\texmfs\install\miktex\bin\pdfmex.exe
C:\MiKTeX-Portable\texmfs\install\miktex\bin\pdftex.exe
C:\MiKTeX-Portable\texmfs\install\miktex\bin\tex.exe
C:\MiKTeX-Portable\texmfs\install\miktex\bin\xmltex.exe
C:\MiKTeX-Portable\texmfs\install\miktex\bin\xetex.exe
C:\MiKTeX-Portable\texmfs\install\miktex\bin\pdfxmltex.exe
C:\MiKTeX-Portable\texmfs\install\miktex\bin\xelatex.exe
C:\MiKTeX-Portable\texmfs\install\miktex\bin\dvilollipop.exe
C:\MiKTeX-Portable\texmfs\install\miktex\bin\lollipop.exe
C:\MiKTeX-Portable\texmfs\install\miktex\bin\lualollipop.exe
C:\MiKTeX-Portable\texmfs\install\miktex\bin\utf8mex.exe
C:\MiKTeX-Portable\texmfs\install\miktex\bin\m-tx.exe
C:\MiKTeX-Portable\texmfs\install\miktex\bin\a5toa4.exe
C:\MiKTeX-Portable\texmfs\install\miktex\bin\make4ht.exe
C:\MiKTeX-Portable\texmfs\install\miktex\bin\checkcites.exe
C:\MiKTeX-Portable\texmfs\install\miktex\bin\lwarpmk.exe
C:\MiKTeX-Portable\texmfs\install\miktex\bin\luaotfload-tool.exe
C:\MiKTeX-Portable\texmfs\install\miktex\bin\mkluatexfontdb.exe
C:\MiKTeX-Portable\texmfs\install\miktex\bin\epspdf.exe
C:\MiKTeX-Portable\texmfs\install\miktex\bin\getmapdl.exe
C:\MiKTeX-Portable\texmfs\install\miktex\bin\luamesh.exe
C:\MiKTeX-Portable\texmfs\install\miktex\bin\mkcharacters.exe
C:\MiKTeX-Portable\texmfs\install\miktex\bin\mkglyphlist.exe
C:\MiKTeX-Portable\texmfs\install\miktex\bin\musixflx.exe
C:\MiKTeX-Portable\texmfs\install\miktex\bin\musixtex.exe
C:\MiKTeX-Portable\texmfs\install\miktex\bin\pfarrei.exe
C:\MiKTeX-Portable\texmfs\install\miktex\bin\tex4ebook.exe
C:\MiKTeX-Portable\texmfs\install\miktex\bin\bundledoc.exe
C:\MiKTeX-Portable\texmfs\install\miktex\bin\bibzbladd.exe
C:\MiKTeX-Portable\texmfs\install\miktex\bin\bib2xhtml.exe
C:\MiKTeX-Portable\texmfs\install\miktex\bin\ot2kpx.exe
C:\MiKTeX-Portable\texmfs\install\miktex\bin\birm.exe
C:\MiKTeX-Portable\texmfs\install\miktex\bin\ctanify.exe
C:\MiKTeX-Portable\texmfs\install\miktex\bin\afm2afm.exe
C:\MiKTeX-Portable\texmfs\install\miktex\bin\latexpand.exe
C:\MiKTeX-Portable\texmfs\install\miktex\bin\authorindex.exe
C:\MiKTeX-Portable\texmfs\install\miktex\bin\pkfix-helper.exe
C:\MiKTeX-Portable\texmfs\install\miktex\bin\pdflatexdef.exe
C:\MiKTeX-Portable\texmfs\install\miktex\bin\arlatex.exe
C:\MiKTeX-Portable\texmfs\install\miktex\bin\biokey2html1.exe
C:\MiKTeX-Portable\texmfs\install\miktex\bin\mfirstuc.exe
C:\MiKTeX-Portable\texmfs\install\miktex\bin\autoinst.exe
C:\MiKTeX-Portable\texmfs\install\miktex\bin\ltximg.exe
C:\MiKTeX-Portable\texmfs\install\miktex\bin\fullref.exe
C:\MiKTeX-Portable\texmfs\install\miktex\bin\bibdoiadd.exe
C:\MiKTeX-Portable\texmfs\install\miktex\bin\mf2pt1.exe
C:\MiKTeX-Portable\texmfs\install\miktex\bin\bibhtml.exe
C:\MiKTeX-Portable\texmfs\install\miktex\bin\biokey2html2.exe
C:\MiKTeX-Portable\texmfs\install\miktex\bin\OOopict.exe
C:\MiKTeX-Portable\texmfs\install\miktex\bin\biokey2html3.exe
C:\MiKTeX-Portable\texmfs\install\miktex\bin\cjk-gs-integrate.exe
C:\MiKTeX-Portable\texmfs\install\miktex\bin\creatdtx.exe
C:\MiKTeX-Portable\texmfs\install\miktex\bin\ibyhyph.exe
C:\MiKTeX-Portable\texmfs\install\miktex\bin\csvtools.exe
C:\MiKTeX-Portable\texmfs\install\miktex\bin\ctanupload.exe
C:\MiKTeX-Portable\texmfs\install\miktex\bin\htmove.exe
C:\MiKTeX-Portable\texmfs\install\miktex\bin\dad-to-utf8.exe
C:\MiKTeX-Portable\texmfs\install\miktex\bin\dosepsbin.exe
C:\MiKTeX-Portable\texmfs\install\miktex\bin\extractres.exe
C:\MiKTeX-Portable\texmfs\install\miktex\bin\etexdef.exe
C:\MiKTeX-Portable\texmfs\install\miktex\bin\mptopdf.exe
C:\MiKTeX-Portable\texmfs\install\miktex\bin\exceltex.exe
C:\MiKTeX-Portable\texmfs\install\miktex\bin\feynmf.exe
C:\MiKTeX-Portable\texmfs\install\miktex\bin\fig4latex.exe
C:\MiKTeX-Portable\texmfs\install\miktex\bin\texdiff.exe
C:\MiKTeX-Portable\texmfs\install\miktex\bin\komkindex.exe
C:\MiKTeX-Portable\texmfs\install\miktex\bin\findhyph.exe
C:\MiKTeX-Portable\texmfs\install\miktex\bin\htcopy.exe
C:\MiKTeX-Portable\texmfs\install\miktex\bin\isi2bibtex.exe
C:\MiKTeX-Portable\texmfs\install\miktex\bin\mkjobtexmf.exe
C:\MiKTeX-Portable\texmfs\install\miktex\bin\jamo-normalize.exe
C:\MiKTeX-Portable\texmfs\install\miktex\bin\texdirflatten.exe
C:\MiKTeX-Portable\texmfs\install\miktex\bin\makejmlrbook.exe
C:\MiKTeX-Portable\texmfs\install\miktex\bin\latex-git-log.exe
C:\MiKTeX-Portable\texmfs\install\miktex\bin\luatexdef.exe
C:\MiKTeX-Portable\texmfs\install\miktex\bin\latex2man.exe
C:\MiKTeX-Portable\texmfs\install\miktex\bin\latexdef.exe
C:\MiKTeX-Portable\texmfs\install\miktex\bin\latexdiff.exe
C:\MiKTeX-Portable\texmfs\install\miktex\bin\pdfatfi.exe
C:\MiKTeX-Portable\texmfs\install\miktex\bin\latexindent.exe
C:\MiKTeX-Portable\texmfs\install\miktex\bin\latexdiff-fast.exe
C:\MiKTeX-Portable\texmfs\install\miktex\bin\orderrefs.exe
C:\MiKTeX-Portable\texmfs\install\miktex\bin\latexdiff-so.exe
C:\MiKTeX-Portable\texmfs\install\miktex\bin\latexdiff-vc.exe
C:\MiKTeX-Portable\texmfs\install\miktex\bin\mk4ht.exe
C:\MiKTeX-Portable\texmfs\install\miktex\bin\latexmk.exe
C:\MiKTeX-Portable\texmfs\install\miktex\bin\latexrevise.exe
C:\MiKTeX-Portable\texmfs\install\miktex\bin\mathspic113.exe
C:\MiKTeX-Portable\texmfs\install\miktex\bin\makeglossaries.exe
C:\MiKTeX-Portable\texmfs\install\miktex\bin\ltx2crossrefxml.exe
C:\MiKTeX-Portable\texmfs\install\miktex\bin\lualatexdef.exe
C:\MiKTeX-Portable\texmfs\install\miktex\bin\makedtx.exe
C:\MiKTeX-Portable\texmfs\install\miktex\bin\mathspic.exe
C:\MiKTeX-Portable\texmfs\install\miktex\bin\mkt1font.exe
C:\MiKTeX-Portable\texmfs\install\miktex\bin\pdfcrop.exe
C:\MiKTeX-Portable\texmfs\install\miktex\bin\pdflatexpicscale.exe
C:\MiKTeX-Portable\texmfs\install\miktex\bin\pdftexdef.exe
C:\MiKTeX-Portable\texmfs\install\miktex\bin\pedigree.exe
C:\MiKTeX-Portable\texmfs\install\miktex\bin\perltex.exe
C:\MiKTeX-Portable\texmfs\install\miktex\bin\pkfix.exe
C:\MiKTeX-Portable\texmfs\install\miktex\bin\pn2pdf.exe
C:\MiKTeX-Portable\texmfs\install\miktex\bin\psjoin.exe
C:\MiKTeX-Portable\texmfs\install\miktex\bin\pst2pdf.exe
C:\MiKTeX-Portable\texmfs\install\miktex\bin\rcsinfo.exe
C:\MiKTeX-Portable\texmfs\install\miktex\bin\rubikrotation.exe
C:\MiKTeX-Portable\texmfs\install\miktex\bin\splitindex.exe
C:\MiKTeX-Portable\texmfs\install\miktex\bin\srcredact.exe
C:\MiKTeX-Portable\texmfs\install\miktex\bin\sty2dtx.exe
C:\MiKTeX-Portable\texmfs\install\miktex\bin\svn-multi.exe
C:\MiKTeX-Portable\texmfs\install\miktex\bin\texcount.exe
C:\MiKTeX-Portable\texmfs\install\miktex\bin\texdef.exe
C:\MiKTeX-Portable\texmfs\install\miktex\bin\thumbpdf.exe
C:\MiKTeX-Portable\texmfs\install\miktex\bin\texfot.exe
C:\MiKTeX-Portable\texmfs\install\miktex\bin\texindy.exe
C:\MiKTeX-Portable\texmfs\install\miktex\bin\ttf2kotexfont.exe
C:\MiKTeX-Portable\texmfs\install\miktex\bin\urlbst.exe
C:\MiKTeX-Portable\texmfs\install\miktex\bin\utf8-to-dad.exe
C:\MiKTeX-Portable\texmfs\install\miktex\bin\vpe.exe
C:\MiKTeX-Portable\texmfs\install\miktex\bin\vpl2ovp.exe
C:\MiKTeX-Portable\texmfs\install\miktex\bin\vpl2vpl.exe
C:\MiKTeX-Portable\texmfs\install\miktex\bin\xdv2pdf_mergemarks.exe
C:\MiKTeX-Portable\texmfs\install\miktex\bin\xelatexdef.exe
C:\MiKTeX-Portable\texmfs\install\miktex\bin\xetexdef.exe
C:\MiKTeX-Portable\texmfs\install\miktex\bin\xindy.exe
C:\MiKTeX-Portable\texmfs\install\miktex\bin\gslp.exe
C:\MiKTeX-Portable\texmfs\install\miktex\bin\biokey2html.exe
C:\MiKTeX-Portable\texmfs\install\miktex\bin\dumphint.exe
C:\MiKTeX-Portable\texmfs\install\miktex\bin\ps2pdf14.exe
C:\MiKTeX-Portable\texmfs\install\miktex\bin\gsnd.exe
C:\MiKTeX-Portable\texmfs\install\miktex\bin\eps2eps.exe
C:\MiKTeX-Portable\texmfs\install\miktex\bin\ps2ps2.exe
C:\MiKTeX-Portable\texmfs\install\miktex\bin\gsbj.exe
C:\MiKTeX-Portable\texmfs\install\miktex\bin\gssetgs.exe
C:\MiKTeX-Portable\texmfs\install\miktex\bin\font2c.exe
C:\MiKTeX-Portable\texmfs\install\miktex\bin\gslj.exe
C:\MiKTeX-Portable\texmfs\install\miktex\bin\gsdj.exe
C:\MiKTeX-Portable\texmfs\install\miktex\bin\gsdj500.exe
C:\MiKTeX-Portable\texmfs\install\miktex\bin\gsndt.exe
C:\MiKTeX-Portable\texmfs\install\miktex\bin\lpr2.exe
C:\MiKTeX-Portable\texmfs\install\miktex\bin\gst.exe
C:\MiKTeX-Portable\texmfs\install\miktex\bin\ps2ps.exe
C:\MiKTeX-Portable\texmfs\install\miktex\bin\gstt.exe
C:\MiKTeX-Portable\texmfs\install\miktex\bin\httexi.exe
C:\MiKTeX-Portable\texmfs\install\miktex\bin\ht.exe
C:\MiKTeX-Portable\texmfs\install\miktex\bin\ps2pdf.exe
C:\MiKTeX-Portable\texmfs\install\miktex\bin\lp386r2.exe
C:\MiKTeX-Portable\texmfs\install\miktex\bin\htcontext.exe
C:\MiKTeX-Portable\texmfs\install\miktex\bin\wmakebat.exe
C:\MiKTeX-Portable\texmfs\install\miktex\bin\pf2afm.exe
C:\MiKTeX-Portable\texmfs\install\miktex\bin\htlatex.exe
C:\MiKTeX-Portable\texmfs\install\miktex\bin\pdf2dsc.exe
C:\MiKTeX-Portable\texmfs\install\miktex\bin\htmex.exe
C:\MiKTeX-Portable\texmfs\install\miktex\bin\httex.exe
C:\MiKTeX-Portable\texmfs\install\miktex\bin\htxelatex.exe
C:\MiKTeX-Portable\texmfs\install\miktex\bin\htxetex.exe
C:\MiKTeX-Portable\texmfs\install\miktex\bin\lp386.exe
C:\MiKTeX-Portable\texmfs\install\miktex\bin\lpgs.exe
C:\MiKTeX-Portable\texmfs\install\miktex\bin\pdf2ps.exe
C:\MiKTeX-Portable\texmfs\install\miktex\bin\pdfopt.exe
C:\MiKTeX-Portable\texmfs\install\miktex\bin\ps2epsi.exe
C:\MiKTeX-Portable\texmfs\install\miktex\bin\pfbtopfa.exe
C:\MiKTeX-Portable\texmfs\install\miktex\bin\pftogsf.exe
C:\MiKTeX-Portable\texmfs\install\miktex\bin\ps2ascii.exe
C:\MiKTeX-Portable\texmfs\install\miktex\bin\ps2pdf12.exe
C:\MiKTeX-Portable\texmfs\install\miktex\bin\ps2pdfxx.exe
C:\MiKTeX-Portable\texmfs\install\miktex\bin\ps2pdf13.exe
C:\MiKTeX-Portable\texmfs\install\miktex\bin\ps4pdf.exe
C:\MiKTeX-Portable\texmfs\install\miktex\bin\latex2nemeth.exe
C:\MiKTeX-Portable\texmfs\install\miktex\bin\arara.exe
C:\MiKTeX-Portable\texmfs\install\miktex\bin\bmeditor.exe
C:\MiKTeX-Portable\texmfs\install\miktex\bin\texosquery.exe
C:\MiKTeX-Portable\texmfs\install\miktex\bin\texosquery-jre5.exe
C:\MiKTeX-Portable\texmfs\install\miktex\bin\texosquery-jre8.exe
C:\MiKTeX-Portable\texmfs\install\miktex\bin\latex-papersize.exe
C:\MiKTeX-Portable\texmfs\install\miktex\bin\depythontex.exe
C:\MiKTeX-Portable\texmfs\install\miktex\bin\gfi-run.exe
C:\MiKTeX-Portable\texmfs\install\miktex\bin\pgfplots.exe
C:\MiKTeX-Portable\texmfs\install\miktex\bin\pythontex.exe
C:\MiKTeX-Portable\texmfs\install\miktex\bin\miktex-taskbar-icon.exe
C:\MiKTeX-Portable\texmfs\install\miktex\bin\miktex-update.exe
C:\MiKTeX-Portable\texmfs\install\miktex\bin\miktex-update_admin.exe
[files]
C:\MiKTeX-Portable\texmfs\install\miktex\config\uninst.log
