2017-05-24 22:45:04,267+0400 INFO  initexmf - starting: MiKTeX Configuration Utility (MiKTeX 2.9.6300 64-bit)
2017-05-24 22:45:04,281+0400 INFO  initexmf - Registering root directories...
2017-05-24 22:45:04,325+0400 INFO  initexmf - starting: MiKTeX Configuration Utility (MiKTeX 2.9.6300 64-bit)
2017-05-24 22:45:04,868+0400 INFO  initexmf - starting: MiKTeX Configuration Utility (MiKTeX 2.9.6300 64-bit)
2017-05-24 22:45:04,882+0400 INFO  initexmf - Skipping user root directory (C:\Users\dduka\AppData\Roaming\MiKTeX\2.9)...
2017-05-24 22:45:04,883+0400 INFO  initexmf - Skipping user root directory (C:\Users\dduka\AppData\Local\MiKTeX\2.9)...
2017-05-24 22:45:04,883+0400 INFO  initexmf - Creating fndb for common root directory (C:\ProgramData\MiKTeX\2.9)...
2017-05-24 22:45:04,906+0400 INFO  initexmf - Creating fndb for common root directory ("C:\Program Files\MiKTeX 2.9")...
2017-05-24 22:45:09,250+0400 INFO  initexmf - starting: MiKTeX Configuration Utility (MiKTeX 2.9.6300 64-bit)
2017-05-24 22:45:09,519+0400 INFO  initexmf - starting: MiKTeX Configuration Utility (MiKTeX 2.9.6300 64-bit)
2017-05-24 22:45:09,534+0400 INFO  initexmf - Creating language.dat, language.dat.lua and language.def...
2017-05-24 22:45:09,587+0400 INFO  initexmf - running: mkfntmap --verbose --admin
2017-05-24 22:45:51,501+0400 INFO  initexmf - starting: MiKTeX Configuration Utility (MiKTeX 2.9.6300 64-bit)
2017-05-24 22:45:51,565+0400 INFO  initexmf - starting: MiKTeX Configuration Utility (MiKTeX 2.9.6300 64-bit)
2017-05-24 22:45:51,624+0400 INFO  initexmf - starting: MiKTeX Configuration Utility (MiKTeX 2.9.6300 64-bit)
2017-05-24 22:45:51,638+0400 INFO  initexmf - Skipping user root directory (C:\Users\dduka\AppData\Roaming\MiKTeX\2.9)...
2017-05-24 22:45:51,638+0400 INFO  initexmf - Skipping user root directory (C:\Users\dduka\AppData\Local\MiKTeX\2.9)...
2017-05-24 22:45:51,639+0400 INFO  initexmf - Creating fndb for common root directory (C:\ProgramData\MiKTeX\2.9)...
2017-05-24 22:45:51,669+0400 INFO  initexmf - Creating fndb for common root directory ("C:\Program Files\MiKTeX 2.9")...
2017-05-24 22:45:55,965+0400 INFO  initexmf - starting: MiKTeX Configuration Utility (MiKTeX 2.9.6300 64-bit)
2017-05-24 22:45:56,156+0400 INFO  initexmf - starting: MiKTeX Configuration Utility (MiKTeX 2.9.6300 64-bit)
2017-05-24 22:45:56,239+0400 INFO  initexmf - starting: MiKTeX Configuration Utility (MiKTeX 2.9.6300 64-bit)
