2017-05-24 22:49:59,486+0400 INFO  mkfntmap - starting with command line: 
2017-05-24 22:49:59,488+0400 INFO  mkfntmap - Parsing config file "C:\Program Files\MiKTeX 2.9\miktex\config\updmap.cfg"...
2017-05-24 22:49:59,496+0400 INFO  mkfntmap - Parsing "C:\Program Files\MiKTeX 2.9\fonts\map\dvips\tetex\dvips35.map"...
2017-05-24 22:49:59,497+0400 INFO  mkfntmap - Parsing "C:\Program Files\MiKTeX 2.9\fonts\map\dvips\tetex\pdftex35.map"...
2017-05-24 22:49:59,500+0400 INFO  mkfntmap - Parsing "C:\Program Files\MiKTeX 2.9\fonts\map\dvips\tetex\dvipdfm35.map"...
2017-05-24 22:49:59,502+0400 INFO  mkfntmap - Parsing "C:\Program Files\MiKTeX 2.9\fonts\map\dvips\tetex\ps2pk35.map"...
2017-05-24 22:49:59,515+0400 INFO  mkfntmap - Parsing "C:\Program Files\MiKTeX 2.9\fonts\map\dvips\amsfonts\cm.map"...
2017-05-24 22:49:59,515+0400 INFO  mkfntmap - Parsing "C:\Program Files\MiKTeX 2.9\fonts\map\dvips\amsfonts\cmextra.map"...
2017-05-24 22:49:59,518+0400 INFO  mkfntmap - Parsing "C:\Program Files\MiKTeX 2.9\fonts\map\dvips\amsfonts\cyrillic.map"...
2017-05-24 22:49:59,522+0400 INFO  mkfntmap - Parsing "C:\Program Files\MiKTeX 2.9\fonts\map\dvips\amsfonts\euler.map"...
2017-05-24 22:49:59,522+0400 INFO  mkfntmap - Parsing "C:\Program Files\MiKTeX 2.9\dvips\eurosym\eurosym.map"...
2017-05-24 22:49:59,526+0400 INFO  mkfntmap - Parsing "C:\Program Files\MiKTeX 2.9\fonts\map\dvips\amsfonts\latxfont.map"...
2017-05-24 22:49:59,529+0400 INFO  mkfntmap - Parsing "C:\Program Files\MiKTeX 2.9\fonts\map\dvips\mflogo-font\mflogo.map"...
2017-05-24 22:49:59,533+0400 INFO  mkfntmap - Parsing "C:\Program Files\MiKTeX 2.9\fonts\map\dvips\rsfs\rsfs.map"...
2017-05-24 22:49:59,536+0400 INFO  mkfntmap - Parsing "C:\Program Files\MiKTeX 2.9\fonts\map\dvips\amsfonts\symbols.map"...
2017-05-24 22:49:59,541+0400 INFO  mkfntmap - Parsing "C:\Program Files\MiKTeX 2.9\fonts\map\dvips\xypic\xypic.map"...
2017-05-24 22:49:59,585+0400 INFO  mkfntmap - Parsing "C:\Program Files\MiKTeX 2.9\fonts\map\dvips\psnfss\charter.map"...
2017-05-24 22:49:59,601+0400 INFO  mkfntmap - Parsing "C:\Program Files\MiKTeX 2.9\fonts\map\dvips\psnfss\fpls.map"...
2017-05-24 22:49:59,618+0400 INFO  mkfntmap - Parsing "C:\Program Files\MiKTeX 2.9\fonts\map\dvips\lm\lm.map"...
2017-05-24 22:49:59,642+0400 INFO  mkfntmap - Parsing "C:\Program Files\MiKTeX 2.9\fonts\map\dvips\psnfss\pazo.map"...
2017-05-24 22:49:59,643+0400 INFO  mkfntmap - Parsing "C:\Program Files\MiKTeX 2.9\fonts\map\dvips\pslatex\pcrr8rn.map"...
2017-05-24 22:49:59,647+0400 INFO  mkfntmap - Parsing "C:\Program Files\MiKTeX 2.9\fonts\map\dvips\psnfss\psnfss.map"...
2017-05-24 22:49:59,661+0400 INFO  mkfntmap - Parsing "C:\Program Files\MiKTeX 2.9\fonts\map\dvips\avantgar\uag.map"...
2017-05-24 22:49:59,662+0400 INFO  mkfntmap - Parsing "C:\Program Files\MiKTeX 2.9\fonts\map\dvips\bookman\ubk.map"...
2017-05-24 22:49:59,663+0400 INFO  mkfntmap - Parsing "C:\Program Files\MiKTeX 2.9\fonts\map\dvips\courier\ucr.map"...
2017-05-24 22:49:59,664+0400 INFO  mkfntmap - Parsing "C:\Program Files\MiKTeX 2.9\fonts\map\dvips\helvetic\uhv.map"...
2017-05-24 22:49:59,665+0400 INFO  mkfntmap - Parsing "C:\Program Files\MiKTeX 2.9\fonts\map\dvips\ncntrsbk\unc.map"...
2017-05-24 22:49:59,666+0400 INFO  mkfntmap - Parsing "C:\Program Files\MiKTeX 2.9\fonts\map\dvips\palatino\upl.map"...
2017-05-24 22:49:59,667+0400 INFO  mkfntmap - Parsing "C:\Program Files\MiKTeX 2.9\fonts\map\dvips\times\utm.map"...
2017-05-24 22:49:59,668+0400 INFO  mkfntmap - Parsing "C:\Program Files\MiKTeX 2.9\fonts\map\dvips\psnfss\utopia.map"...
2017-05-24 22:49:59,668+0400 INFO  mkfntmap - Parsing "C:\Program Files\MiKTeX 2.9\fonts\map\dvips\zapfchan\uzc.map"...
2017-05-24 22:49:59,669+0400 INFO  mkfntmap - Parsing "C:\Program Files\MiKTeX 2.9\fonts\map\dvips\zapfding\uzd.map"...
2017-05-24 22:49:59,677+0400 INFO  mkfntmap - Writing C:\Users\dduka\AppData\Local\MiKTeX\2.9\dvips\config\ps2pk.map...
2017-05-24 22:49:59,682+0400 INFO  mkfntmap - Writing C:\Users\dduka\AppData\Local\MiKTeX\2.9\dvips\config\download35.map...
2017-05-24 22:49:59,684+0400 INFO  mkfntmap - Writing C:\Users\dduka\AppData\Local\MiKTeX\2.9\dvips\config\builtin35.map...
2017-05-24 22:49:59,686+0400 INFO  mkfntmap - Writing C:\Users\dduka\AppData\Local\MiKTeX\2.9\dvips\config\psfonts_t1.map...
2017-05-24 22:49:59,691+0400 INFO  mkfntmap - Writing C:\Users\dduka\AppData\Local\MiKTeX\2.9\dvips\config\psfonts_pk.map...
2017-05-24 22:49:59,698+0400 INFO  mkfntmap - Writing C:\Users\dduka\AppData\Local\MiKTeX\2.9\pdftex\config\pdftex_ndl14.map...
2017-05-24 22:49:59,703+0400 INFO  mkfntmap - Writing C:\Users\dduka\AppData\Local\MiKTeX\2.9\pdftex\config\pdftex_dl14.map...
2017-05-24 22:49:59,709+0400 INFO  mkfntmap - Writing C:\Users\dduka\AppData\Local\MiKTeX\2.9\dvipdfm\config\dvipdfm_dl14.map...
2017-05-24 22:49:59,713+0400 INFO  mkfntmap - Writing C:\Users\dduka\AppData\Local\MiKTeX\2.9\dvipdfm\config\dvipdfm_ndl14.map...
2017-05-24 22:49:59,718+0400 INFO  mkfntmap - Copying C:\Users\dduka\AppData\Local\MiKTeX\2.9\dvips\config\psfonts_t1.map
2017-05-24 22:49:59,718+0400 INFO  mkfntmap -      to C:\Users\dduka\AppData\Local\MiKTeX\2.9\dvips\config\psfonts.map...
2017-05-24 22:49:59,719+0400 INFO  mkfntmap - Copying C:\Users\dduka\AppData\Local\MiKTeX\2.9\dvipdfm\config\dvipdfm_dl14.map
2017-05-24 22:49:59,719+0400 INFO  mkfntmap -      to C:\Users\dduka\AppData\Local\MiKTeX\2.9\dvipdfm\config\dvipdfm.map...
2017-05-24 22:49:59,720+0400 INFO  mkfntmap - Copying C:\Users\dduka\AppData\Local\MiKTeX\2.9\pdftex\config\pdftex_dl14.map
2017-05-24 22:49:59,720+0400 INFO  mkfntmap -      to C:\Users\dduka\AppData\Local\MiKTeX\2.9\pdftex\config\pdftex.map...
2017-05-24 22:49:59,727+0400 INFO  mkfntmap - running: fc-cache 
2017-05-24 22:50:25,090+0400 INFO  mkfntmap - starting with command line: 
2017-05-24 22:50:25,092+0400 INFO  mkfntmap - Parsing config file "C:\Program Files\MiKTeX 2.9\miktex\config\updmap.cfg"...
2017-05-24 22:50:25,099+0400 INFO  mkfntmap - Parsing "C:\Program Files\MiKTeX 2.9\fonts\map\dvips\tetex\dvips35.map"...
2017-05-24 22:50:25,101+0400 INFO  mkfntmap - Parsing "C:\Program Files\MiKTeX 2.9\fonts\map\dvips\tetex\pdftex35.map"...
2017-05-24 22:50:25,103+0400 INFO  mkfntmap - Parsing "C:\Program Files\MiKTeX 2.9\fonts\map\dvips\tetex\dvipdfm35.map"...
2017-05-24 22:50:25,105+0400 INFO  mkfntmap - Parsing "C:\Program Files\MiKTeX 2.9\fonts\map\dvips\tetex\ps2pk35.map"...
2017-05-24 22:50:25,119+0400 INFO  mkfntmap - Parsing "C:\Program Files\MiKTeX 2.9\fonts\map\dvips\amsfonts\cm.map"...
2017-05-24 22:50:25,119+0400 INFO  mkfntmap - Parsing "C:\Program Files\MiKTeX 2.9\fonts\map\dvips\amsfonts\cmextra.map"...
2017-05-24 22:50:25,122+0400 INFO  mkfntmap - Parsing "C:\Program Files\MiKTeX 2.9\fonts\map\dvips\amsfonts\cyrillic.map"...
2017-05-24 22:50:25,126+0400 INFO  mkfntmap - Parsing "C:\Program Files\MiKTeX 2.9\fonts\map\dvips\amsfonts\euler.map"...
2017-05-24 22:50:25,126+0400 INFO  mkfntmap - Parsing "C:\Program Files\MiKTeX 2.9\dvips\eurosym\eurosym.map"...
2017-05-24 22:50:25,130+0400 INFO  mkfntmap - Parsing "C:\Program Files\MiKTeX 2.9\fonts\map\dvips\amsfonts\latxfont.map"...
2017-05-24 22:50:25,133+0400 INFO  mkfntmap - Parsing "C:\Program Files\MiKTeX 2.9\fonts\map\dvips\mflogo-font\mflogo.map"...
2017-05-24 22:50:25,137+0400 INFO  mkfntmap - Parsing "C:\Program Files\MiKTeX 2.9\fonts\map\dvips\rsfs\rsfs.map"...
2017-05-24 22:50:25,140+0400 INFO  mkfntmap - Parsing "C:\Program Files\MiKTeX 2.9\fonts\map\dvips\amsfonts\symbols.map"...
2017-05-24 22:50:25,145+0400 INFO  mkfntmap - Parsing "C:\Program Files\MiKTeX 2.9\fonts\map\dvips\xypic\xypic.map"...
2017-05-24 22:50:25,190+0400 INFO  mkfntmap - Parsing "C:\Program Files\MiKTeX 2.9\fonts\map\dvips\psnfss\charter.map"...
2017-05-24 22:50:25,206+0400 INFO  mkfntmap - Parsing "C:\Program Files\MiKTeX 2.9\fonts\map\dvips\psnfss\fpls.map"...
2017-05-24 22:50:25,222+0400 INFO  mkfntmap - Parsing "C:\Program Files\MiKTeX 2.9\fonts\map\dvips\lm\lm.map"...
2017-05-24 22:50:25,247+0400 INFO  mkfntmap - Parsing "C:\Program Files\MiKTeX 2.9\fonts\map\dvips\psnfss\pazo.map"...
2017-05-24 22:50:25,248+0400 INFO  mkfntmap - Parsing "C:\Program Files\MiKTeX 2.9\fonts\map\dvips\pslatex\pcrr8rn.map"...
2017-05-24 22:50:25,252+0400 INFO  mkfntmap - Parsing "C:\Program Files\MiKTeX 2.9\fonts\map\dvips\psnfss\psnfss.map"...
2017-05-24 22:50:25,266+0400 INFO  mkfntmap - Parsing "C:\Program Files\MiKTeX 2.9\fonts\map\dvips\avantgar\uag.map"...
2017-05-24 22:50:25,267+0400 INFO  mkfntmap - Parsing "C:\Program Files\MiKTeX 2.9\fonts\map\dvips\bookman\ubk.map"...
2017-05-24 22:50:25,268+0400 INFO  mkfntmap - Parsing "C:\Program Files\MiKTeX 2.9\fonts\map\dvips\courier\ucr.map"...
2017-05-24 22:50:25,269+0400 INFO  mkfntmap - Parsing "C:\Program Files\MiKTeX 2.9\fonts\map\dvips\helvetic\uhv.map"...
2017-05-24 22:50:25,270+0400 INFO  mkfntmap - Parsing "C:\Program Files\MiKTeX 2.9\fonts\map\dvips\ncntrsbk\unc.map"...
2017-05-24 22:50:25,271+0400 INFO  mkfntmap - Parsing "C:\Program Files\MiKTeX 2.9\fonts\map\dvips\palatino\upl.map"...
2017-05-24 22:50:25,273+0400 INFO  mkfntmap - Parsing "C:\Program Files\MiKTeX 2.9\fonts\map\dvips\times\utm.map"...
2017-05-24 22:50:25,273+0400 INFO  mkfntmap - Parsing "C:\Program Files\MiKTeX 2.9\fonts\map\dvips\psnfss\utopia.map"...
2017-05-24 22:50:25,274+0400 INFO  mkfntmap - Parsing "C:\Program Files\MiKTeX 2.9\fonts\map\dvips\zapfchan\uzc.map"...
2017-05-24 22:50:25,274+0400 INFO  mkfntmap - Parsing "C:\Program Files\MiKTeX 2.9\fonts\map\dvips\zapfding\uzd.map"...
2017-05-24 22:50:25,282+0400 INFO  mkfntmap - Writing C:\Users\dduka\AppData\Local\MiKTeX\2.9\dvips\config\ps2pk.map...
2017-05-24 22:50:25,287+0400 INFO  mkfntmap - Writing C:\Users\dduka\AppData\Local\MiKTeX\2.9\dvips\config\download35.map...
2017-05-24 22:50:25,289+0400 INFO  mkfntmap - Writing C:\Users\dduka\AppData\Local\MiKTeX\2.9\dvips\config\builtin35.map...
2017-05-24 22:50:25,290+0400 INFO  mkfntmap - Writing C:\Users\dduka\AppData\Local\MiKTeX\2.9\dvips\config\psfonts_t1.map...
2017-05-24 22:50:25,295+0400 INFO  mkfntmap - Writing C:\Users\dduka\AppData\Local\MiKTeX\2.9\dvips\config\psfonts_pk.map...
2017-05-24 22:50:25,302+0400 INFO  mkfntmap - Writing C:\Users\dduka\AppData\Local\MiKTeX\2.9\pdftex\config\pdftex_ndl14.map...
2017-05-24 22:50:25,307+0400 INFO  mkfntmap - Writing C:\Users\dduka\AppData\Local\MiKTeX\2.9\pdftex\config\pdftex_dl14.map...
2017-05-24 22:50:25,312+0400 INFO  mkfntmap - Writing C:\Users\dduka\AppData\Local\MiKTeX\2.9\dvipdfm\config\dvipdfm_dl14.map...
2017-05-24 22:50:25,316+0400 INFO  mkfntmap - Writing C:\Users\dduka\AppData\Local\MiKTeX\2.9\dvipdfm\config\dvipdfm_ndl14.map...
2017-05-24 22:50:25,321+0400 INFO  mkfntmap - Copying C:\Users\dduka\AppData\Local\MiKTeX\2.9\dvips\config\psfonts_t1.map
2017-05-24 22:50:25,321+0400 INFO  mkfntmap -      to C:\Users\dduka\AppData\Local\MiKTeX\2.9\dvips\config\psfonts.map...
2017-05-24 22:50:25,322+0400 INFO  mkfntmap - Copying C:\Users\dduka\AppData\Local\MiKTeX\2.9\dvipdfm\config\dvipdfm_dl14.map
2017-05-24 22:50:25,322+0400 INFO  mkfntmap -      to C:\Users\dduka\AppData\Local\MiKTeX\2.9\dvipdfm\config\dvipdfm.map...
2017-05-24 22:50:25,322+0400 INFO  mkfntmap - Copying C:\Users\dduka\AppData\Local\MiKTeX\2.9\pdftex\config\pdftex_dl14.map
2017-05-24 22:50:25,322+0400 INFO  mkfntmap -      to C:\Users\dduka\AppData\Local\MiKTeX\2.9\pdftex\config\pdftex.map...
2017-05-24 22:50:25,330+0400 INFO  mkfntmap - running: fc-cache 
2017-05-24 22:50:26,496+0400 INFO  mkfntmap - starting with command line: 
2017-05-24 22:50:26,498+0400 INFO  mkfntmap - Parsing config file "C:\Program Files\MiKTeX 2.9\miktex\config\updmap.cfg"...
2017-05-24 22:50:26,505+0400 INFO  mkfntmap - Parsing "C:\Program Files\MiKTeX 2.9\fonts\map\dvips\tetex\dvips35.map"...
2017-05-24 22:50:26,507+0400 INFO  mkfntmap - Parsing "C:\Program Files\MiKTeX 2.9\fonts\map\dvips\tetex\pdftex35.map"...
2017-05-24 22:50:26,509+0400 INFO  mkfntmap - Parsing "C:\Program Files\MiKTeX 2.9\fonts\map\dvips\tetex\dvipdfm35.map"...
2017-05-24 22:50:26,511+0400 INFO  mkfntmap - Parsing "C:\Program Files\MiKTeX 2.9\fonts\map\dvips\tetex\ps2pk35.map"...
2017-05-24 22:50:26,524+0400 INFO  mkfntmap - Parsing "C:\Program Files\MiKTeX 2.9\fonts\map\dvips\amsfonts\cm.map"...
2017-05-24 22:50:26,525+0400 INFO  mkfntmap - Parsing "C:\Program Files\MiKTeX 2.9\fonts\map\dvips\amsfonts\cmextra.map"...
2017-05-24 22:50:26,527+0400 INFO  mkfntmap - Parsing "C:\Program Files\MiKTeX 2.9\fonts\map\dvips\amsfonts\cyrillic.map"...
2017-05-24 22:50:26,531+0400 INFO  mkfntmap - Parsing "C:\Program Files\MiKTeX 2.9\fonts\map\dvips\amsfonts\euler.map"...
2017-05-24 22:50:26,532+0400 INFO  mkfntmap - Parsing "C:\Program Files\MiKTeX 2.9\dvips\eurosym\eurosym.map"...
2017-05-24 22:50:26,536+0400 INFO  mkfntmap - Parsing "C:\Program Files\MiKTeX 2.9\fonts\map\dvips\amsfonts\latxfont.map"...
2017-05-24 22:50:26,539+0400 INFO  mkfntmap - Parsing "C:\Program Files\MiKTeX 2.9\fonts\map\dvips\mflogo-font\mflogo.map"...
2017-05-24 22:50:26,542+0400 INFO  mkfntmap - Parsing "C:\Program Files\MiKTeX 2.9\fonts\map\dvips\rsfs\rsfs.map"...
2017-05-24 22:50:26,546+0400 INFO  mkfntmap - Parsing "C:\Program Files\MiKTeX 2.9\fonts\map\dvips\amsfonts\symbols.map"...
2017-05-24 22:50:26,551+0400 INFO  mkfntmap - Parsing "C:\Program Files\MiKTeX 2.9\fonts\map\dvips\xypic\xypic.map"...
2017-05-24 22:50:26,596+0400 INFO  mkfntmap - Parsing "C:\Program Files\MiKTeX 2.9\fonts\map\dvips\psnfss\charter.map"...
2017-05-24 22:50:26,612+0400 INFO  mkfntmap - Parsing "C:\Program Files\MiKTeX 2.9\fonts\map\dvips\psnfss\fpls.map"...
2017-05-24 22:50:26,628+0400 INFO  mkfntmap - Parsing "C:\Program Files\MiKTeX 2.9\fonts\map\dvips\lm\lm.map"...
2017-05-24 22:50:26,653+0400 INFO  mkfntmap - Parsing "C:\Program Files\MiKTeX 2.9\fonts\map\dvips\psnfss\pazo.map"...
2017-05-24 22:50:26,654+0400 INFO  mkfntmap - Parsing "C:\Program Files\MiKTeX 2.9\fonts\map\dvips\pslatex\pcrr8rn.map"...
2017-05-24 22:50:26,658+0400 INFO  mkfntmap - Parsing "C:\Program Files\MiKTeX 2.9\fonts\map\dvips\psnfss\psnfss.map"...
2017-05-24 22:50:26,672+0400 INFO  mkfntmap - Parsing "C:\Program Files\MiKTeX 2.9\fonts\map\dvips\avantgar\uag.map"...
2017-05-24 22:50:26,673+0400 INFO  mkfntmap - Parsing "C:\Program Files\MiKTeX 2.9\fonts\map\dvips\bookman\ubk.map"...
2017-05-24 22:50:26,674+0400 INFO  mkfntmap - Parsing "C:\Program Files\MiKTeX 2.9\fonts\map\dvips\courier\ucr.map"...
2017-05-24 22:50:26,675+0400 INFO  mkfntmap - Parsing "C:\Program Files\MiKTeX 2.9\fonts\map\dvips\helvetic\uhv.map"...
2017-05-24 22:50:26,676+0400 INFO  mkfntmap - Parsing "C:\Program Files\MiKTeX 2.9\fonts\map\dvips\ncntrsbk\unc.map"...
2017-05-24 22:50:26,677+0400 INFO  mkfntmap - Parsing "C:\Program Files\MiKTeX 2.9\fonts\map\dvips\palatino\upl.map"...
2017-05-24 22:50:26,678+0400 INFO  mkfntmap - Parsing "C:\Program Files\MiKTeX 2.9\fonts\map\dvips\times\utm.map"...
2017-05-24 22:50:26,679+0400 INFO  mkfntmap - Parsing "C:\Program Files\MiKTeX 2.9\fonts\map\dvips\psnfss\utopia.map"...
2017-05-24 22:50:26,680+0400 INFO  mkfntmap - Parsing "C:\Program Files\MiKTeX 2.9\fonts\map\dvips\zapfchan\uzc.map"...
2017-05-24 22:50:26,680+0400 INFO  mkfntmap - Parsing "C:\Program Files\MiKTeX 2.9\fonts\map\dvips\zapfding\uzd.map"...
2017-05-24 22:50:26,687+0400 INFO  mkfntmap - Writing C:\Users\dduka\AppData\Local\MiKTeX\2.9\dvips\config\ps2pk.map...
2017-05-24 22:50:26,693+0400 INFO  mkfntmap - Writing C:\Users\dduka\AppData\Local\MiKTeX\2.9\dvips\config\download35.map...
2017-05-24 22:50:26,695+0400 INFO  mkfntmap - Writing C:\Users\dduka\AppData\Local\MiKTeX\2.9\dvips\config\builtin35.map...
2017-05-24 22:50:26,696+0400 INFO  mkfntmap - Writing C:\Users\dduka\AppData\Local\MiKTeX\2.9\dvips\config\psfonts_t1.map...
2017-05-24 22:50:26,701+0400 INFO  mkfntmap - Writing C:\Users\dduka\AppData\Local\MiKTeX\2.9\dvips\config\psfonts_pk.map...
2017-05-24 22:50:26,708+0400 INFO  mkfntmap - Writing C:\Users\dduka\AppData\Local\MiKTeX\2.9\pdftex\config\pdftex_ndl14.map...
2017-05-24 22:50:26,713+0400 INFO  mkfntmap - Writing C:\Users\dduka\AppData\Local\MiKTeX\2.9\pdftex\config\pdftex_dl14.map...
2017-05-24 22:50:26,718+0400 INFO  mkfntmap - Writing C:\Users\dduka\AppData\Local\MiKTeX\2.9\dvipdfm\config\dvipdfm_dl14.map...
2017-05-24 22:50:26,722+0400 INFO  mkfntmap - Writing C:\Users\dduka\AppData\Local\MiKTeX\2.9\dvipdfm\config\dvipdfm_ndl14.map...
2017-05-24 22:50:26,727+0400 INFO  mkfntmap - Copying C:\Users\dduka\AppData\Local\MiKTeX\2.9\dvips\config\psfonts_t1.map
2017-05-24 22:50:26,727+0400 INFO  mkfntmap -      to C:\Users\dduka\AppData\Local\MiKTeX\2.9\dvips\config\psfonts.map...
2017-05-24 22:50:26,728+0400 INFO  mkfntmap - Copying C:\Users\dduka\AppData\Local\MiKTeX\2.9\dvipdfm\config\dvipdfm_dl14.map
2017-05-24 22:50:26,728+0400 INFO  mkfntmap -      to C:\Users\dduka\AppData\Local\MiKTeX\2.9\dvipdfm\config\dvipdfm.map...
2017-05-24 22:50:26,728+0400 INFO  mkfntmap - Copying C:\Users\dduka\AppData\Local\MiKTeX\2.9\pdftex\config\pdftex_dl14.map
2017-05-24 22:50:26,728+0400 INFO  mkfntmap -      to C:\Users\dduka\AppData\Local\MiKTeX\2.9\pdftex\config\pdftex.map...
2017-05-24 22:50:26,736+0400 INFO  mkfntmap - running: fc-cache 
2017-05-24 22:50:27,710+0400 INFO  mkfntmap - starting with command line: 
2017-05-24 22:50:27,712+0400 INFO  mkfntmap - Parsing config file "C:\Program Files\MiKTeX 2.9\miktex\config\updmap.cfg"...
2017-05-24 22:50:27,720+0400 INFO  mkfntmap - Parsing "C:\Program Files\MiKTeX 2.9\fonts\map\dvips\tetex\dvips35.map"...
2017-05-24 22:50:27,721+0400 INFO  mkfntmap - Parsing "C:\Program Files\MiKTeX 2.9\fonts\map\dvips\tetex\pdftex35.map"...
2017-05-24 22:50:27,724+0400 INFO  mkfntmap - Parsing "C:\Program Files\MiKTeX 2.9\fonts\map\dvips\tetex\dvipdfm35.map"...
2017-05-24 22:50:27,726+0400 INFO  mkfntmap - Parsing "C:\Program Files\MiKTeX 2.9\fonts\map\dvips\tetex\ps2pk35.map"...
2017-05-24 22:50:27,739+0400 INFO  mkfntmap - Parsing "C:\Program Files\MiKTeX 2.9\fonts\map\dvips\amsfonts\cm.map"...
2017-05-24 22:50:27,739+0400 INFO  mkfntmap - Parsing "C:\Program Files\MiKTeX 2.9\fonts\map\dvips\amsfonts\cmextra.map"...
2017-05-24 22:50:27,742+0400 INFO  mkfntmap - Parsing "C:\Program Files\MiKTeX 2.9\fonts\map\dvips\amsfonts\cyrillic.map"...
2017-05-24 22:50:27,746+0400 INFO  mkfntmap - Parsing "C:\Program Files\MiKTeX 2.9\fonts\map\dvips\amsfonts\euler.map"...
2017-05-24 22:50:27,746+0400 INFO  mkfntmap - Parsing "C:\Program Files\MiKTeX 2.9\dvips\eurosym\eurosym.map"...
2017-05-24 22:50:27,750+0400 INFO  mkfntmap - Parsing "C:\Program Files\MiKTeX 2.9\fonts\map\dvips\amsfonts\latxfont.map"...
2017-05-24 22:50:27,753+0400 INFO  mkfntmap - Parsing "C:\Program Files\MiKTeX 2.9\fonts\map\dvips\mflogo-font\mflogo.map"...
2017-05-24 22:50:27,757+0400 INFO  mkfntmap - Parsing "C:\Program Files\MiKTeX 2.9\fonts\map\dvips\rsfs\rsfs.map"...
2017-05-24 22:50:27,760+0400 INFO  mkfntmap - Parsing "C:\Program Files\MiKTeX 2.9\fonts\map\dvips\amsfonts\symbols.map"...
2017-05-24 22:50:27,765+0400 INFO  mkfntmap - Parsing "C:\Program Files\MiKTeX 2.9\fonts\map\dvips\xypic\xypic.map"...
2017-05-24 22:50:27,810+0400 INFO  mkfntmap - Parsing "C:\Program Files\MiKTeX 2.9\fonts\map\dvips\psnfss\charter.map"...
2017-05-24 22:50:27,826+0400 INFO  mkfntmap - Parsing "C:\Program Files\MiKTeX 2.9\fonts\map\dvips\psnfss\fpls.map"...
2017-05-24 22:50:27,842+0400 INFO  mkfntmap - Parsing "C:\Program Files\MiKTeX 2.9\fonts\map\dvips\lm\lm.map"...
2017-05-24 22:50:27,867+0400 INFO  mkfntmap - Parsing "C:\Program Files\MiKTeX 2.9\fonts\map\dvips\psnfss\pazo.map"...
2017-05-24 22:50:27,868+0400 INFO  mkfntmap - Parsing "C:\Program Files\MiKTeX 2.9\fonts\map\dvips\pslatex\pcrr8rn.map"...
2017-05-24 22:50:27,872+0400 INFO  mkfntmap - Parsing "C:\Program Files\MiKTeX 2.9\fonts\map\dvips\psnfss\psnfss.map"...
2017-05-24 22:50:27,886+0400 INFO  mkfntmap - Parsing "C:\Program Files\MiKTeX 2.9\fonts\map\dvips\avantgar\uag.map"...
2017-05-24 22:50:27,887+0400 INFO  mkfntmap - Parsing "C:\Program Files\MiKTeX 2.9\fonts\map\dvips\bookman\ubk.map"...
2017-05-24 22:50:27,888+0400 INFO  mkfntmap - Parsing "C:\Program Files\MiKTeX 2.9\fonts\map\dvips\courier\ucr.map"...
2017-05-24 22:50:27,889+0400 INFO  mkfntmap - Parsing "C:\Program Files\MiKTeX 2.9\fonts\map\dvips\helvetic\uhv.map"...
2017-05-24 22:50:27,890+0400 INFO  mkfntmap - Parsing "C:\Program Files\MiKTeX 2.9\fonts\map\dvips\ncntrsbk\unc.map"...
2017-05-24 22:50:27,891+0400 INFO  mkfntmap - Parsing "C:\Program Files\MiKTeX 2.9\fonts\map\dvips\palatino\upl.map"...
2017-05-24 22:50:27,893+0400 INFO  mkfntmap - Parsing "C:\Program Files\MiKTeX 2.9\fonts\map\dvips\times\utm.map"...
2017-05-24 22:50:27,893+0400 INFO  mkfntmap - Parsing "C:\Program Files\MiKTeX 2.9\fonts\map\dvips\psnfss\utopia.map"...
2017-05-24 22:50:27,894+0400 INFO  mkfntmap - Parsing "C:\Program Files\MiKTeX 2.9\fonts\map\dvips\zapfchan\uzc.map"...
2017-05-24 22:50:27,894+0400 INFO  mkfntmap - Parsing "C:\Program Files\MiKTeX 2.9\fonts\map\dvips\zapfding\uzd.map"...
2017-05-24 22:50:27,901+0400 INFO  mkfntmap - Writing C:\Users\dduka\AppData\Local\MiKTeX\2.9\dvips\config\ps2pk.map...
2017-05-24 22:50:27,907+0400 INFO  mkfntmap - Writing C:\Users\dduka\AppData\Local\MiKTeX\2.9\dvips\config\download35.map...
2017-05-24 22:50:27,909+0400 INFO  mkfntmap - Writing C:\Users\dduka\AppData\Local\MiKTeX\2.9\dvips\config\builtin35.map...
2017-05-24 22:50:27,910+0400 INFO  mkfntmap - Writing C:\Users\dduka\AppData\Local\MiKTeX\2.9\dvips\config\psfonts_t1.map...
2017-05-24 22:50:27,915+0400 INFO  mkfntmap - Writing C:\Users\dduka\AppData\Local\MiKTeX\2.9\dvips\config\psfonts_pk.map...
2017-05-24 22:50:27,922+0400 INFO  mkfntmap - Writing C:\Users\dduka\AppData\Local\MiKTeX\2.9\pdftex\config\pdftex_ndl14.map...
2017-05-24 22:50:27,927+0400 INFO  mkfntmap - Writing C:\Users\dduka\AppData\Local\MiKTeX\2.9\pdftex\config\pdftex_dl14.map...
2017-05-24 22:50:27,932+0400 INFO  mkfntmap - Writing C:\Users\dduka\AppData\Local\MiKTeX\2.9\dvipdfm\config\dvipdfm_dl14.map...
2017-05-24 22:50:27,936+0400 INFO  mkfntmap - Writing C:\Users\dduka\AppData\Local\MiKTeX\2.9\dvipdfm\config\dvipdfm_ndl14.map...
2017-05-24 22:50:27,941+0400 INFO  mkfntmap - Copying C:\Users\dduka\AppData\Local\MiKTeX\2.9\dvips\config\psfonts_t1.map
2017-05-24 22:50:27,941+0400 INFO  mkfntmap -      to C:\Users\dduka\AppData\Local\MiKTeX\2.9\dvips\config\psfonts.map...
2017-05-24 22:50:27,942+0400 INFO  mkfntmap - Copying C:\Users\dduka\AppData\Local\MiKTeX\2.9\dvipdfm\config\dvipdfm_dl14.map
2017-05-24 22:50:27,942+0400 INFO  mkfntmap -      to C:\Users\dduka\AppData\Local\MiKTeX\2.9\dvipdfm\config\dvipdfm.map...
2017-05-24 22:50:27,942+0400 INFO  mkfntmap - Copying C:\Users\dduka\AppData\Local\MiKTeX\2.9\pdftex\config\pdftex_dl14.map
2017-05-24 22:50:27,942+0400 INFO  mkfntmap -      to C:\Users\dduka\AppData\Local\MiKTeX\2.9\pdftex\config\pdftex.map...
2017-05-24 22:50:27,949+0400 INFO  mkfntmap - running: fc-cache 
2017-05-24 22:50:28,685+0400 INFO  mkfntmap - starting with command line: 
2017-05-24 22:50:28,687+0400 INFO  mkfntmap - Parsing config file "C:\Program Files\MiKTeX 2.9\miktex\config\updmap.cfg"...
2017-05-24 22:50:28,694+0400 INFO  mkfntmap - Parsing "C:\Program Files\MiKTeX 2.9\fonts\map\dvips\tetex\dvips35.map"...
2017-05-24 22:50:28,696+0400 INFO  mkfntmap - Parsing "C:\Program Files\MiKTeX 2.9\fonts\map\dvips\tetex\pdftex35.map"...
2017-05-24 22:50:28,699+0400 INFO  mkfntmap - Parsing "C:\Program Files\MiKTeX 2.9\fonts\map\dvips\tetex\dvipdfm35.map"...
2017-05-24 22:50:28,701+0400 INFO  mkfntmap - Parsing "C:\Program Files\MiKTeX 2.9\fonts\map\dvips\tetex\ps2pk35.map"...
2017-05-24 22:50:28,714+0400 INFO  mkfntmap - Parsing "C:\Program Files\MiKTeX 2.9\fonts\map\dvips\amsfonts\cm.map"...
2017-05-24 22:50:28,714+0400 INFO  mkfntmap - Parsing "C:\Program Files\MiKTeX 2.9\fonts\map\dvips\amsfonts\cmextra.map"...
2017-05-24 22:50:28,717+0400 INFO  mkfntmap - Parsing "C:\Program Files\MiKTeX 2.9\fonts\map\dvips\amsfonts\cyrillic.map"...
2017-05-24 22:50:28,721+0400 INFO  mkfntmap - Parsing "C:\Program Files\MiKTeX 2.9\fonts\map\dvips\amsfonts\euler.map"...
2017-05-24 22:50:28,721+0400 INFO  mkfntmap - Parsing "C:\Program Files\MiKTeX 2.9\dvips\eurosym\eurosym.map"...
2017-05-24 22:50:28,725+0400 INFO  mkfntmap - Parsing "C:\Program Files\MiKTeX 2.9\fonts\map\dvips\amsfonts\latxfont.map"...
2017-05-24 22:50:28,728+0400 INFO  mkfntmap - Parsing "C:\Program Files\MiKTeX 2.9\fonts\map\dvips\mflogo-font\mflogo.map"...
2017-05-24 22:50:28,732+0400 INFO  mkfntmap - Parsing "C:\Program Files\MiKTeX 2.9\fonts\map\dvips\rsfs\rsfs.map"...
2017-05-24 22:50:28,735+0400 INFO  mkfntmap - Parsing "C:\Program Files\MiKTeX 2.9\fonts\map\dvips\amsfonts\symbols.map"...
2017-05-24 22:50:28,740+0400 INFO  mkfntmap - Parsing "C:\Program Files\MiKTeX 2.9\fonts\map\dvips\xypic\xypic.map"...
2017-05-24 22:50:28,785+0400 INFO  mkfntmap - Parsing "C:\Program Files\MiKTeX 2.9\fonts\map\dvips\psnfss\charter.map"...
2017-05-24 22:50:28,801+0400 INFO  mkfntmap - Parsing "C:\Program Files\MiKTeX 2.9\fonts\map\dvips\psnfss\fpls.map"...
2017-05-24 22:50:28,817+0400 INFO  mkfntmap - Parsing "C:\Program Files\MiKTeX 2.9\fonts\map\dvips\lm\lm.map"...
2017-05-24 22:50:28,843+0400 INFO  mkfntmap - Parsing "C:\Program Files\MiKTeX 2.9\fonts\map\dvips\psnfss\pazo.map"...
2017-05-24 22:50:28,843+0400 INFO  mkfntmap - Parsing "C:\Program Files\MiKTeX 2.9\fonts\map\dvips\pslatex\pcrr8rn.map"...
2017-05-24 22:50:28,847+0400 INFO  mkfntmap - Parsing "C:\Program Files\MiKTeX 2.9\fonts\map\dvips\psnfss\psnfss.map"...
2017-05-24 22:50:28,861+0400 INFO  mkfntmap - Parsing "C:\Program Files\MiKTeX 2.9\fonts\map\dvips\avantgar\uag.map"...
2017-05-24 22:50:28,863+0400 INFO  mkfntmap - Parsing "C:\Program Files\MiKTeX 2.9\fonts\map\dvips\bookman\ubk.map"...
2017-05-24 22:50:28,863+0400 INFO  mkfntmap - Parsing "C:\Program Files\MiKTeX 2.9\fonts\map\dvips\courier\ucr.map"...
2017-05-24 22:50:28,864+0400 INFO  mkfntmap - Parsing "C:\Program Files\MiKTeX 2.9\fonts\map\dvips\helvetic\uhv.map"...
2017-05-24 22:50:28,865+0400 INFO  mkfntmap - Parsing "C:\Program Files\MiKTeX 2.9\fonts\map\dvips\ncntrsbk\unc.map"...
2017-05-24 22:50:28,866+0400 INFO  mkfntmap - Parsing "C:\Program Files\MiKTeX 2.9\fonts\map\dvips\palatino\upl.map"...
2017-05-24 22:50:28,868+0400 INFO  mkfntmap - Parsing "C:\Program Files\MiKTeX 2.9\fonts\map\dvips\times\utm.map"...
2017-05-24 22:50:28,868+0400 INFO  mkfntmap - Parsing "C:\Program Files\MiKTeX 2.9\fonts\map\dvips\psnfss\utopia.map"...
2017-05-24 22:50:28,869+0400 INFO  mkfntmap - Parsing "C:\Program Files\MiKTeX 2.9\fonts\map\dvips\zapfchan\uzc.map"...
2017-05-24 22:50:28,869+0400 INFO  mkfntmap - Parsing "C:\Program Files\MiKTeX 2.9\fonts\map\dvips\zapfding\uzd.map"...
2017-05-24 22:50:28,877+0400 INFO  mkfntmap - Writing C:\Users\dduka\AppData\Local\MiKTeX\2.9\dvips\config\ps2pk.map...
2017-05-24 22:50:28,882+0400 INFO  mkfntmap - Writing C:\Users\dduka\AppData\Local\MiKTeX\2.9\dvips\config\download35.map...
2017-05-24 22:50:28,884+0400 INFO  mkfntmap - Writing C:\Users\dduka\AppData\Local\MiKTeX\2.9\dvips\config\builtin35.map...
2017-05-24 22:50:28,886+0400 INFO  mkfntmap - Writing C:\Users\dduka\AppData\Local\MiKTeX\2.9\dvips\config\psfonts_t1.map...
2017-05-24 22:50:28,891+0400 INFO  mkfntmap - Writing C:\Users\dduka\AppData\Local\MiKTeX\2.9\dvips\config\psfonts_pk.map...
2017-05-24 22:50:28,897+0400 INFO  mkfntmap - Writing C:\Users\dduka\AppData\Local\MiKTeX\2.9\pdftex\config\pdftex_ndl14.map...
2017-05-24 22:50:28,902+0400 INFO  mkfntmap - Writing C:\Users\dduka\AppData\Local\MiKTeX\2.9\pdftex\config\pdftex_dl14.map...
2017-05-24 22:50:28,907+0400 INFO  mkfntmap - Writing C:\Users\dduka\AppData\Local\MiKTeX\2.9\dvipdfm\config\dvipdfm_dl14.map...
2017-05-24 22:50:28,911+0400 INFO  mkfntmap - Writing C:\Users\dduka\AppData\Local\MiKTeX\2.9\dvipdfm\config\dvipdfm_ndl14.map...
2017-05-24 22:50:28,916+0400 INFO  mkfntmap - Copying C:\Users\dduka\AppData\Local\MiKTeX\2.9\dvips\config\psfonts_t1.map
2017-05-24 22:50:28,916+0400 INFO  mkfntmap -      to C:\Users\dduka\AppData\Local\MiKTeX\2.9\dvips\config\psfonts.map...
2017-05-24 22:50:28,917+0400 INFO  mkfntmap - Copying C:\Users\dduka\AppData\Local\MiKTeX\2.9\dvipdfm\config\dvipdfm_dl14.map
2017-05-24 22:50:28,917+0400 INFO  mkfntmap -      to C:\Users\dduka\AppData\Local\MiKTeX\2.9\dvipdfm\config\dvipdfm.map...
2017-05-24 22:50:28,917+0400 INFO  mkfntmap - Copying C:\Users\dduka\AppData\Local\MiKTeX\2.9\pdftex\config\pdftex_dl14.map
2017-05-24 22:50:28,917+0400 INFO  mkfntmap -      to C:\Users\dduka\AppData\Local\MiKTeX\2.9\pdftex\config\pdftex.map...
2017-05-24 22:50:28,925+0400 INFO  mkfntmap - running: fc-cache 
2017-05-24 22:50:30,013+0400 INFO  mkfntmap - starting with command line: 
2017-05-24 22:50:30,015+0400 INFO  mkfntmap - Parsing config file "C:\Program Files\MiKTeX 2.9\miktex\config\updmap.cfg"...
2017-05-24 22:50:30,022+0400 INFO  mkfntmap - Parsing "C:\Program Files\MiKTeX 2.9\fonts\map\dvips\tetex\dvips35.map"...
2017-05-24 22:50:30,024+0400 INFO  mkfntmap - Parsing "C:\Program Files\MiKTeX 2.9\fonts\map\dvips\tetex\pdftex35.map"...
2017-05-24 22:50:30,026+0400 INFO  mkfntmap - Parsing "C:\Program Files\MiKTeX 2.9\fonts\map\dvips\tetex\dvipdfm35.map"...
2017-05-24 22:50:30,028+0400 INFO  mkfntmap - Parsing "C:\Program Files\MiKTeX 2.9\fonts\map\dvips\tetex\ps2pk35.map"...
2017-05-24 22:50:30,041+0400 INFO  mkfntmap - Parsing "C:\Program Files\MiKTeX 2.9\fonts\map\dvips\amsfonts\cm.map"...
2017-05-24 22:50:30,042+0400 INFO  mkfntmap - Parsing "C:\Program Files\MiKTeX 2.9\fonts\map\dvips\amsfonts\cmextra.map"...
2017-05-24 22:50:30,044+0400 INFO  mkfntmap - Parsing "C:\Program Files\MiKTeX 2.9\fonts\map\dvips\amsfonts\cyrillic.map"...
2017-05-24 22:50:30,048+0400 INFO  mkfntmap - Parsing "C:\Program Files\MiKTeX 2.9\fonts\map\dvips\amsfonts\euler.map"...
2017-05-24 22:50:30,049+0400 INFO  mkfntmap - Parsing "C:\Program Files\MiKTeX 2.9\dvips\eurosym\eurosym.map"...
2017-05-24 22:50:30,052+0400 INFO  mkfntmap - Parsing "C:\Program Files\MiKTeX 2.9\fonts\map\dvips\amsfonts\latxfont.map"...
2017-05-24 22:50:30,055+0400 INFO  mkfntmap - Parsing "C:\Program Files\MiKTeX 2.9\fonts\map\dvips\mflogo-font\mflogo.map"...
2017-05-24 22:50:30,059+0400 INFO  mkfntmap - Parsing "C:\Program Files\MiKTeX 2.9\fonts\map\dvips\rsfs\rsfs.map"...
2017-05-24 22:50:30,062+0400 INFO  mkfntmap - Parsing "C:\Program Files\MiKTeX 2.9\fonts\map\dvips\amsfonts\symbols.map"...
2017-05-24 22:50:30,068+0400 INFO  mkfntmap - Parsing "C:\Program Files\MiKTeX 2.9\fonts\map\dvips\xypic\xypic.map"...
2017-05-24 22:50:30,112+0400 INFO  mkfntmap - Parsing "C:\Program Files\MiKTeX 2.9\fonts\map\dvips\psnfss\charter.map"...
2017-05-24 22:50:30,128+0400 INFO  mkfntmap - Parsing "C:\Program Files\MiKTeX 2.9\fonts\map\dvips\psnfss\fpls.map"...
2017-05-24 22:50:30,144+0400 INFO  mkfntmap - Parsing "C:\Program Files\MiKTeX 2.9\fonts\map\dvips\lm\lm.map"...
2017-05-24 22:50:30,170+0400 INFO  mkfntmap - Parsing "C:\Program Files\MiKTeX 2.9\fonts\map\dvips\psnfss\pazo.map"...
2017-05-24 22:50:30,170+0400 INFO  mkfntmap - Parsing "C:\Program Files\MiKTeX 2.9\fonts\map\dvips\pslatex\pcrr8rn.map"...
2017-05-24 22:50:30,174+0400 INFO  mkfntmap - Parsing "C:\Program Files\MiKTeX 2.9\fonts\map\dvips\psnfss\psnfss.map"...
2017-05-24 22:50:30,188+0400 INFO  mkfntmap - Parsing "C:\Program Files\MiKTeX 2.9\fonts\map\dvips\avantgar\uag.map"...
2017-05-24 22:50:30,189+0400 INFO  mkfntmap - Parsing "C:\Program Files\MiKTeX 2.9\fonts\map\dvips\bookman\ubk.map"...
2017-05-24 22:50:30,190+0400 INFO  mkfntmap - Parsing "C:\Program Files\MiKTeX 2.9\fonts\map\dvips\courier\ucr.map"...
2017-05-24 22:50:30,191+0400 INFO  mkfntmap - Parsing "C:\Program Files\MiKTeX 2.9\fonts\map\dvips\helvetic\uhv.map"...
2017-05-24 22:50:30,192+0400 INFO  mkfntmap - Parsing "C:\Program Files\MiKTeX 2.9\fonts\map\dvips\ncntrsbk\unc.map"...
2017-05-24 22:50:30,193+0400 INFO  mkfntmap - Parsing "C:\Program Files\MiKTeX 2.9\fonts\map\dvips\palatino\upl.map"...
2017-05-24 22:50:30,195+0400 INFO  mkfntmap - Parsing "C:\Program Files\MiKTeX 2.9\fonts\map\dvips\times\utm.map"...
2017-05-24 22:50:30,195+0400 INFO  mkfntmap - Parsing "C:\Program Files\MiKTeX 2.9\fonts\map\dvips\psnfss\utopia.map"...
2017-05-24 22:50:30,196+0400 INFO  mkfntmap - Parsing "C:\Program Files\MiKTeX 2.9\fonts\map\dvips\zapfchan\uzc.map"...
2017-05-24 22:50:30,196+0400 INFO  mkfntmap - Parsing "C:\Program Files\MiKTeX 2.9\fonts\map\dvips\zapfding\uzd.map"...
2017-05-24 22:50:30,204+0400 INFO  mkfntmap - Writing C:\Users\dduka\AppData\Local\MiKTeX\2.9\dvips\config\ps2pk.map...
2017-05-24 22:50:30,209+0400 INFO  mkfntmap - Writing C:\Users\dduka\AppData\Local\MiKTeX\2.9\dvips\config\download35.map...
2017-05-24 22:50:30,211+0400 INFO  mkfntmap - Writing C:\Users\dduka\AppData\Local\MiKTeX\2.9\dvips\config\builtin35.map...
2017-05-24 22:50:30,212+0400 INFO  mkfntmap - Writing C:\Users\dduka\AppData\Local\MiKTeX\2.9\dvips\config\psfonts_t1.map...
2017-05-24 22:50:30,217+0400 INFO  mkfntmap - Writing C:\Users\dduka\AppData\Local\MiKTeX\2.9\dvips\config\psfonts_pk.map...
2017-05-24 22:50:30,224+0400 INFO  mkfntmap - Writing C:\Users\dduka\AppData\Local\MiKTeX\2.9\pdftex\config\pdftex_ndl14.map...
2017-05-24 22:50:30,229+0400 INFO  mkfntmap - Writing C:\Users\dduka\AppData\Local\MiKTeX\2.9\pdftex\config\pdftex_dl14.map...
2017-05-24 22:50:30,234+0400 INFO  mkfntmap - Writing C:\Users\dduka\AppData\Local\MiKTeX\2.9\dvipdfm\config\dvipdfm_dl14.map...
2017-05-24 22:50:30,238+0400 INFO  mkfntmap - Writing C:\Users\dduka\AppData\Local\MiKTeX\2.9\dvipdfm\config\dvipdfm_ndl14.map...
2017-05-24 22:50:30,243+0400 INFO  mkfntmap - Copying C:\Users\dduka\AppData\Local\MiKTeX\2.9\dvips\config\psfonts_t1.map
2017-05-24 22:50:30,243+0400 INFO  mkfntmap -      to C:\Users\dduka\AppData\Local\MiKTeX\2.9\dvips\config\psfonts.map...
2017-05-24 22:50:30,244+0400 INFO  mkfntmap - Copying C:\Users\dduka\AppData\Local\MiKTeX\2.9\dvipdfm\config\dvipdfm_dl14.map
2017-05-24 22:50:30,244+0400 INFO  mkfntmap -      to C:\Users\dduka\AppData\Local\MiKTeX\2.9\dvipdfm\config\dvipdfm.map...
2017-05-24 22:50:30,244+0400 INFO  mkfntmap - Copying C:\Users\dduka\AppData\Local\MiKTeX\2.9\pdftex\config\pdftex_dl14.map
2017-05-24 22:50:30,244+0400 INFO  mkfntmap -      to C:\Users\dduka\AppData\Local\MiKTeX\2.9\pdftex\config\pdftex.map...
2017-05-24 22:50:30,251+0400 INFO  mkfntmap - running: fc-cache 
2017-05-25 00:21:08,725+0400 INFO  mkfntmap - starting with command line: 
2017-05-25 00:21:08,727+0400 INFO  mkfntmap - Parsing config file "C:\Program Files\MiKTeX 2.9\miktex\config\updmap.cfg"...
2017-05-25 00:21:08,734+0400 INFO  mkfntmap - Parsing "C:\Program Files\MiKTeX 2.9\fonts\map\dvips\tetex\dvips35.map"...
2017-05-25 00:21:08,736+0400 INFO  mkfntmap - Parsing "C:\Program Files\MiKTeX 2.9\fonts\map\dvips\tetex\pdftex35.map"...
2017-05-25 00:21:08,738+0400 INFO  mkfntmap - Parsing "C:\Program Files\MiKTeX 2.9\fonts\map\dvips\tetex\dvipdfm35.map"...
2017-05-25 00:21:08,740+0400 INFO  mkfntmap - Parsing "C:\Program Files\MiKTeX 2.9\fonts\map\dvips\tetex\ps2pk35.map"...
2017-05-25 00:21:08,754+0400 INFO  mkfntmap - Parsing "C:\Program Files\MiKTeX 2.9\fonts\map\dvips\amsfonts\cm.map"...
2017-05-25 00:21:08,754+0400 INFO  mkfntmap - Parsing "C:\Program Files\MiKTeX 2.9\fonts\map\dvips\amsfonts\cmextra.map"...
2017-05-25 00:21:08,757+0400 INFO  mkfntmap - Parsing "C:\Program Files\MiKTeX 2.9\fonts\map\dvips\amsfonts\cyrillic.map"...
2017-05-25 00:21:08,761+0400 INFO  mkfntmap - Parsing "C:\Program Files\MiKTeX 2.9\fonts\map\dvips\amsfonts\euler.map"...
2017-05-25 00:21:08,761+0400 INFO  mkfntmap - Parsing "C:\Program Files\MiKTeX 2.9\dvips\eurosym\eurosym.map"...
2017-05-25 00:21:08,765+0400 INFO  mkfntmap - Parsing "C:\Program Files\MiKTeX 2.9\fonts\map\dvips\amsfonts\latxfont.map"...
2017-05-25 00:21:08,769+0400 INFO  mkfntmap - Parsing "C:\Program Files\MiKTeX 2.9\fonts\map\dvips\mflogo-font\mflogo.map"...
2017-05-25 00:21:08,772+0400 INFO  mkfntmap - Parsing "C:\Program Files\MiKTeX 2.9\fonts\map\dvips\rsfs\rsfs.map"...
2017-05-25 00:21:08,776+0400 INFO  mkfntmap - Parsing "C:\Program Files\MiKTeX 2.9\fonts\map\dvips\amsfonts\symbols.map"...
2017-05-25 00:21:08,781+0400 INFO  mkfntmap - Parsing "C:\Program Files\MiKTeX 2.9\fonts\map\dvips\xypic\xypic.map"...
2017-05-25 00:21:08,826+0400 INFO  mkfntmap - Parsing "C:\Program Files\MiKTeX 2.9\fonts\map\dvips\psnfss\charter.map"...
2017-05-25 00:21:08,843+0400 INFO  mkfntmap - Parsing "C:\Program Files\MiKTeX 2.9\fonts\map\dvips\psnfss\fpls.map"...
2017-05-25 00:21:08,859+0400 INFO  mkfntmap - Parsing "C:\Program Files\MiKTeX 2.9\fonts\map\dvips\lm\lm.map"...
2017-05-25 00:21:08,885+0400 INFO  mkfntmap - Parsing "C:\Program Files\MiKTeX 2.9\fonts\map\dvips\psnfss\pazo.map"...
2017-05-25 00:21:08,886+0400 INFO  mkfntmap - Parsing "C:\Program Files\MiKTeX 2.9\fonts\map\dvips\pslatex\pcrr8rn.map"...
2017-05-25 00:21:08,889+0400 INFO  mkfntmap - Parsing "C:\Program Files\MiKTeX 2.9\fonts\map\dvips\psnfss\psnfss.map"...
2017-05-25 00:21:08,904+0400 INFO  mkfntmap - Parsing "C:\Program Files\MiKTeX 2.9\fonts\map\dvips\avantgar\uag.map"...
2017-05-25 00:21:08,905+0400 INFO  mkfntmap - Parsing "C:\Program Files\MiKTeX 2.9\fonts\map\dvips\bookman\ubk.map"...
2017-05-25 00:21:08,906+0400 INFO  mkfntmap - Parsing "C:\Program Files\MiKTeX 2.9\fonts\map\dvips\courier\ucr.map"...
2017-05-25 00:21:08,907+0400 INFO  mkfntmap - Parsing "C:\Program Files\MiKTeX 2.9\fonts\map\dvips\helvetic\uhv.map"...
2017-05-25 00:21:08,908+0400 INFO  mkfntmap - Parsing "C:\Program Files\MiKTeX 2.9\fonts\map\dvips\ncntrsbk\unc.map"...
2017-05-25 00:21:08,909+0400 INFO  mkfntmap - Parsing "C:\Program Files\MiKTeX 2.9\fonts\map\dvips\palatino\upl.map"...
2017-05-25 00:21:08,910+0400 INFO  mkfntmap - Parsing "C:\Program Files\MiKTeX 2.9\fonts\map\dvips\times\utm.map"...
2017-05-25 00:21:08,911+0400 INFO  mkfntmap - Parsing "C:\Program Files\MiKTeX 2.9\fonts\map\dvips\psnfss\utopia.map"...
2017-05-25 00:21:08,911+0400 INFO  mkfntmap - Parsing "C:\Program Files\MiKTeX 2.9\fonts\map\dvips\zapfchan\uzc.map"...
2017-05-25 00:21:08,912+0400 INFO  mkfntmap - Parsing "C:\Program Files\MiKTeX 2.9\fonts\map\dvips\zapfding\uzd.map"...
2017-05-25 00:21:08,919+0400 INFO  mkfntmap - Writing C:\Users\dduka\AppData\Local\MiKTeX\2.9\dvips\config\ps2pk.map...
2017-05-25 00:21:08,925+0400 INFO  mkfntmap - Writing C:\Users\dduka\AppData\Local\MiKTeX\2.9\dvips\config\download35.map...
2017-05-25 00:21:08,927+0400 INFO  mkfntmap - Writing C:\Users\dduka\AppData\Local\MiKTeX\2.9\dvips\config\builtin35.map...
2017-05-25 00:21:08,928+0400 INFO  mkfntmap - Writing C:\Users\dduka\AppData\Local\MiKTeX\2.9\dvips\config\psfonts_t1.map...
2017-05-25 00:21:08,933+0400 INFO  mkfntmap - Writing C:\Users\dduka\AppData\Local\MiKTeX\2.9\dvips\config\psfonts_pk.map...
2017-05-25 00:21:08,939+0400 INFO  mkfntmap - Writing C:\Users\dduka\AppData\Local\MiKTeX\2.9\pdftex\config\pdftex_ndl14.map...
2017-05-25 00:21:08,944+0400 INFO  mkfntmap - Writing C:\Users\dduka\AppData\Local\MiKTeX\2.9\pdftex\config\pdftex_dl14.map...
2017-05-25 00:21:08,949+0400 INFO  mkfntmap - Writing C:\Users\dduka\AppData\Local\MiKTeX\2.9\dvipdfm\config\dvipdfm_dl14.map...
2017-05-25 00:21:08,954+0400 INFO  mkfntmap - Writing C:\Users\dduka\AppData\Local\MiKTeX\2.9\dvipdfm\config\dvipdfm_ndl14.map...
2017-05-25 00:21:08,959+0400 INFO  mkfntmap - Copying C:\Users\dduka\AppData\Local\MiKTeX\2.9\dvips\config\psfonts_t1.map
2017-05-25 00:21:08,959+0400 INFO  mkfntmap -      to C:\Users\dduka\AppData\Local\MiKTeX\2.9\dvips\config\psfonts.map...
2017-05-25 00:21:08,959+0400 INFO  mkfntmap - Copying C:\Users\dduka\AppData\Local\MiKTeX\2.9\dvipdfm\config\dvipdfm_dl14.map
2017-05-25 00:21:08,960+0400 INFO  mkfntmap -      to C:\Users\dduka\AppData\Local\MiKTeX\2.9\dvipdfm\config\dvipdfm.map...
2017-05-25 00:21:08,960+0400 INFO  mkfntmap - Copying C:\Users\dduka\AppData\Local\MiKTeX\2.9\pdftex\config\pdftex_dl14.map
2017-05-25 00:21:08,960+0400 INFO  mkfntmap -      to C:\Users\dduka\AppData\Local\MiKTeX\2.9\pdftex\config\pdftex.map...
2017-05-25 00:21:08,967+0400 INFO  mkfntmap - running: fc-cache 
2017-05-25 00:21:10,254+0400 INFO  mkfntmap - starting with command line: 
2017-05-25 00:21:10,256+0400 INFO  mkfntmap - Parsing config file "C:\Program Files\MiKTeX 2.9\miktex\config\updmap.cfg"...
2017-05-25 00:21:10,263+0400 INFO  mkfntmap - Parsing "C:\Program Files\MiKTeX 2.9\fonts\map\dvips\tetex\dvips35.map"...
2017-05-25 00:21:10,265+0400 INFO  mkfntmap - Parsing "C:\Program Files\MiKTeX 2.9\fonts\map\dvips\tetex\pdftex35.map"...
2017-05-25 00:21:10,268+0400 INFO  mkfntmap - Parsing "C:\Program Files\MiKTeX 2.9\fonts\map\dvips\tetex\dvipdfm35.map"...
2017-05-25 00:21:10,270+0400 INFO  mkfntmap - Parsing "C:\Program Files\MiKTeX 2.9\fonts\map\dvips\tetex\ps2pk35.map"...
2017-05-25 00:21:10,283+0400 INFO  mkfntmap - Parsing "C:\Program Files\MiKTeX 2.9\fonts\map\dvips\amsfonts\cm.map"...
2017-05-25 00:21:10,283+0400 INFO  mkfntmap - Parsing "C:\Program Files\MiKTeX 2.9\fonts\map\dvips\amsfonts\cmextra.map"...
2017-05-25 00:21:10,286+0400 INFO  mkfntmap - Parsing "C:\Program Files\MiKTeX 2.9\fonts\map\dvips\amsfonts\cyrillic.map"...
2017-05-25 00:21:10,290+0400 INFO  mkfntmap - Parsing "C:\Program Files\MiKTeX 2.9\fonts\map\dvips\amsfonts\euler.map"...
2017-05-25 00:21:10,290+0400 INFO  mkfntmap - Parsing "C:\Program Files\MiKTeX 2.9\dvips\eurosym\eurosym.map"...
2017-05-25 00:21:10,294+0400 INFO  mkfntmap - Parsing "C:\Program Files\MiKTeX 2.9\fonts\map\dvips\amsfonts\latxfont.map"...
2017-05-25 00:21:10,297+0400 INFO  mkfntmap - Parsing "C:\Program Files\MiKTeX 2.9\fonts\map\dvips\mflogo-font\mflogo.map"...
2017-05-25 00:21:10,301+0400 INFO  mkfntmap - Parsing "C:\Program Files\MiKTeX 2.9\fonts\map\dvips\rsfs\rsfs.map"...
2017-05-25 00:21:10,304+0400 INFO  mkfntmap - Parsing "C:\Program Files\MiKTeX 2.9\fonts\map\dvips\amsfonts\symbols.map"...
2017-05-25 00:21:10,310+0400 INFO  mkfntmap - Parsing "C:\Program Files\MiKTeX 2.9\fonts\map\dvips\xypic\xypic.map"...
2017-05-25 00:21:10,355+0400 INFO  mkfntmap - Parsing "C:\Program Files\MiKTeX 2.9\fonts\map\dvips\psnfss\charter.map"...
2017-05-25 00:21:10,371+0400 INFO  mkfntmap - Parsing "C:\Program Files\MiKTeX 2.9\fonts\map\dvips\psnfss\fpls.map"...
2017-05-25 00:21:10,387+0400 INFO  mkfntmap - Parsing "C:\Program Files\MiKTeX 2.9\fonts\map\dvips\lm\lm.map"...
2017-05-25 00:21:10,413+0400 INFO  mkfntmap - Parsing "C:\Program Files\MiKTeX 2.9\fonts\map\dvips\psnfss\pazo.map"...
2017-05-25 00:21:10,414+0400 INFO  mkfntmap - Parsing "C:\Program Files\MiKTeX 2.9\fonts\map\dvips\pslatex\pcrr8rn.map"...
2017-05-25 00:21:10,417+0400 INFO  mkfntmap - Parsing "C:\Program Files\MiKTeX 2.9\fonts\map\dvips\psnfss\psnfss.map"...
2017-05-25 00:21:10,432+0400 INFO  mkfntmap - Parsing "C:\Program Files\MiKTeX 2.9\fonts\map\dvips\avantgar\uag.map"...
2017-05-25 00:21:10,433+0400 INFO  mkfntmap - Parsing "C:\Program Files\MiKTeX 2.9\fonts\map\dvips\bookman\ubk.map"...
2017-05-25 00:21:10,434+0400 INFO  mkfntmap - Parsing "C:\Program Files\MiKTeX 2.9\fonts\map\dvips\courier\ucr.map"...
2017-05-25 00:21:10,435+0400 INFO  mkfntmap - Parsing "C:\Program Files\MiKTeX 2.9\fonts\map\dvips\helvetic\uhv.map"...
2017-05-25 00:21:10,436+0400 INFO  mkfntmap - Parsing "C:\Program Files\MiKTeX 2.9\fonts\map\dvips\ncntrsbk\unc.map"...
2017-05-25 00:21:10,437+0400 INFO  mkfntmap - Parsing "C:\Program Files\MiKTeX 2.9\fonts\map\dvips\palatino\upl.map"...
2017-05-25 00:21:10,438+0400 INFO  mkfntmap - Parsing "C:\Program Files\MiKTeX 2.9\fonts\map\dvips\times\utm.map"...
2017-05-25 00:21:10,439+0400 INFO  mkfntmap - Parsing "C:\Program Files\MiKTeX 2.9\fonts\map\dvips\psnfss\utopia.map"...
2017-05-25 00:21:10,439+0400 INFO  mkfntmap - Parsing "C:\Program Files\MiKTeX 2.9\fonts\map\dvips\zapfchan\uzc.map"...
2017-05-25 00:21:10,440+0400 INFO  mkfntmap - Parsing "C:\Program Files\MiKTeX 2.9\fonts\map\dvips\zapfding\uzd.map"...
2017-05-25 00:21:10,447+0400 INFO  mkfntmap - Writing C:\Users\dduka\AppData\Local\MiKTeX\2.9\dvips\config\ps2pk.map...
2017-05-25 00:21:10,453+0400 INFO  mkfntmap - Writing C:\Users\dduka\AppData\Local\MiKTeX\2.9\dvips\config\download35.map...
2017-05-25 00:21:10,455+0400 INFO  mkfntmap - Writing C:\Users\dduka\AppData\Local\MiKTeX\2.9\dvips\config\builtin35.map...
2017-05-25 00:21:10,456+0400 INFO  mkfntmap - Writing C:\Users\dduka\AppData\Local\MiKTeX\2.9\dvips\config\psfonts_t1.map...
2017-05-25 00:21:10,462+0400 INFO  mkfntmap - Writing C:\Users\dduka\AppData\Local\MiKTeX\2.9\dvips\config\psfonts_pk.map...
2017-05-25 00:21:10,468+0400 INFO  mkfntmap - Writing C:\Users\dduka\AppData\Local\MiKTeX\2.9\pdftex\config\pdftex_ndl14.map...
2017-05-25 00:21:10,473+0400 INFO  mkfntmap - Writing C:\Users\dduka\AppData\Local\MiKTeX\2.9\pdftex\config\pdftex_dl14.map...
2017-05-25 00:21:10,478+0400 INFO  mkfntmap - Writing C:\Users\dduka\AppData\Local\MiKTeX\2.9\dvipdfm\config\dvipdfm_dl14.map...
2017-05-25 00:21:10,483+0400 INFO  mkfntmap - Writing C:\Users\dduka\AppData\Local\MiKTeX\2.9\dvipdfm\config\dvipdfm_ndl14.map...
2017-05-25 00:21:10,487+0400 INFO  mkfntmap - Copying C:\Users\dduka\AppData\Local\MiKTeX\2.9\dvips\config\psfonts_t1.map
2017-05-25 00:21:10,488+0400 INFO  mkfntmap -      to C:\Users\dduka\AppData\Local\MiKTeX\2.9\dvips\config\psfonts.map...
2017-05-25 00:21:10,488+0400 INFO  mkfntmap - Copying C:\Users\dduka\AppData\Local\MiKTeX\2.9\dvipdfm\config\dvipdfm_dl14.map
2017-05-25 00:21:10,488+0400 INFO  mkfntmap -      to C:\Users\dduka\AppData\Local\MiKTeX\2.9\dvipdfm\config\dvipdfm.map...
2017-05-25 00:21:10,489+0400 INFO  mkfntmap - Copying C:\Users\dduka\AppData\Local\MiKTeX\2.9\pdftex\config\pdftex_dl14.map
2017-05-25 00:21:10,489+0400 INFO  mkfntmap -      to C:\Users\dduka\AppData\Local\MiKTeX\2.9\pdftex\config\pdftex.map...
2017-05-25 00:21:10,496+0400 INFO  mkfntmap - running: fc-cache 
2017-05-25 01:15:34,328+0400 INFO  mkfntmap - starting with command line: 
2017-05-25 01:15:34,330+0400 INFO  mkfntmap - Parsing config file C:\NVIDIA\packman-repo\md2pdf\1.0\miktex\config\updmap.cfg...
2017-05-25 01:15:34,333+0400 INFO  mkfntmap - Parsing C:\NVIDIA\packman-repo\md2pdf\1.0\fonts\map\dvips\tetex\dvips35.map...
2017-05-25 01:15:34,335+0400 INFO  mkfntmap - Parsing C:\NVIDIA\packman-repo\md2pdf\1.0\fonts\map\dvips\tetex\pdftex35.map...
2017-05-25 01:15:34,338+0400 INFO  mkfntmap - Parsing C:\NVIDIA\packman-repo\md2pdf\1.0\fonts\map\dvips\tetex\dvipdfm35.map...
2017-05-25 01:15:34,340+0400 INFO  mkfntmap - Parsing C:\NVIDIA\packman-repo\md2pdf\1.0\fonts\map\dvips\tetex\ps2pk35.map...
2017-05-25 01:15:34,350+0400 INFO  mkfntmap - Parsing C:\NVIDIA\packman-repo\md2pdf\1.0\fonts\map\dvips\amsfonts\cm.map...
2017-05-25 01:15:34,351+0400 INFO  mkfntmap - Parsing C:\NVIDIA\packman-repo\md2pdf\1.0\fonts\map\dvips\amsfonts\cmextra.map...
2017-05-25 01:15:34,352+0400 INFO  mkfntmap - Parsing C:\NVIDIA\packman-repo\md2pdf\1.0\fonts\map\dvips\amsfonts\cyrillic.map...
2017-05-25 01:15:34,355+0400 INFO  mkfntmap - Parsing C:\NVIDIA\packman-repo\md2pdf\1.0\fonts\map\dvips\amsfonts\euler.map...
2017-05-25 01:15:34,355+0400 INFO  mkfntmap - Parsing C:\NVIDIA\packman-repo\md2pdf\1.0\dvips\eurosym\eurosym.map...
2017-05-25 01:15:34,358+0400 INFO  mkfntmap - Parsing C:\NVIDIA\packman-repo\md2pdf\1.0\fonts\map\dvips\amsfonts\latxfont.map...
2017-05-25 01:15:34,360+0400 INFO  mkfntmap - Parsing C:\NVIDIA\packman-repo\md2pdf\1.0\fonts\map\dvips\mflogo-font\mflogo.map...
2017-05-25 01:15:34,362+0400 INFO  mkfntmap - Parsing C:\NVIDIA\packman-repo\md2pdf\1.0\fonts\map\dvips\rsfs\rsfs.map...
2017-05-25 01:15:34,364+0400 INFO  mkfntmap - Parsing C:\NVIDIA\packman-repo\md2pdf\1.0\fonts\map\dvips\amsfonts\symbols.map...
2017-05-25 01:15:34,368+0400 INFO  mkfntmap - Parsing C:\NVIDIA\packman-repo\md2pdf\1.0\fonts\map\dvips\xypic\xypic.map...
2017-05-25 01:15:34,395+0400 INFO  mkfntmap - Parsing C:\NVIDIA\packman-repo\md2pdf\1.0\fonts\map\dvips\psnfss\charter.map...
2017-05-25 01:15:34,404+0400 INFO  mkfntmap - Parsing C:\NVIDIA\packman-repo\md2pdf\1.0\fonts\map\dvips\psnfss\fpls.map...
2017-05-25 01:15:34,414+0400 INFO  mkfntmap - Parsing C:\NVIDIA\packman-repo\md2pdf\1.0\fonts\map\dvips\lm\lm.map...
2017-05-25 01:15:34,432+0400 INFO  mkfntmap - Parsing C:\NVIDIA\packman-repo\md2pdf\1.0\fonts\map\dvips\psnfss\pazo.map...
2017-05-25 01:15:34,433+0400 INFO  mkfntmap - Parsing C:\NVIDIA\packman-repo\md2pdf\1.0\fonts\map\dvips\pslatex\pcrr8rn.map...
2017-05-25 01:15:34,435+0400 INFO  mkfntmap - Parsing C:\NVIDIA\packman-repo\md2pdf\1.0\fonts\map\dvips\psnfss\psnfss.map...
2017-05-25 01:15:34,444+0400 INFO  mkfntmap - Parsing C:\NVIDIA\packman-repo\md2pdf\1.0\fonts\map\dvips\avantgar\uag.map...
2017-05-25 01:15:34,445+0400 INFO  mkfntmap - Parsing C:\NVIDIA\packman-repo\md2pdf\1.0\fonts\map\dvips\bookman\ubk.map...
2017-05-25 01:15:34,445+0400 INFO  mkfntmap - Parsing C:\NVIDIA\packman-repo\md2pdf\1.0\fonts\map\dvips\courier\ucr.map...
2017-05-25 01:15:34,446+0400 INFO  mkfntmap - Parsing C:\NVIDIA\packman-repo\md2pdf\1.0\fonts\map\dvips\helvetic\uhv.map...
2017-05-25 01:15:34,447+0400 INFO  mkfntmap - Parsing C:\NVIDIA\packman-repo\md2pdf\1.0\fonts\map\dvips\ncntrsbk\unc.map...
2017-05-25 01:15:34,448+0400 INFO  mkfntmap - Parsing C:\NVIDIA\packman-repo\md2pdf\1.0\fonts\map\dvips\palatino\upl.map...
2017-05-25 01:15:34,449+0400 INFO  mkfntmap - Parsing C:\NVIDIA\packman-repo\md2pdf\1.0\fonts\map\dvips\times\utm.map...
2017-05-25 01:15:34,449+0400 INFO  mkfntmap - Parsing C:\NVIDIA\packman-repo\md2pdf\1.0\fonts\map\dvips\psnfss\utopia.map...
2017-05-25 01:15:34,450+0400 INFO  mkfntmap - Parsing C:\NVIDIA\packman-repo\md2pdf\1.0\fonts\map\dvips\zapfchan\uzc.map...
2017-05-25 01:15:34,450+0400 INFO  mkfntmap - Parsing C:\NVIDIA\packman-repo\md2pdf\1.0\fonts\map\dvips\zapfding\uzd.map...
2017-05-25 01:15:34,455+0400 INFO  mkfntmap - Writing C:\NVIDIA\packman-repo\md2pdf\1.0\dvips\config\ps2pk.map...
2017-05-25 01:15:34,461+0400 INFO  mkfntmap - Writing C:\NVIDIA\packman-repo\md2pdf\1.0\dvips\config\download35.map...
2017-05-25 01:15:34,463+0400 INFO  mkfntmap - Writing C:\NVIDIA\packman-repo\md2pdf\1.0\dvips\config\builtin35.map...
2017-05-25 01:15:34,465+0400 INFO  mkfntmap - Writing C:\NVIDIA\packman-repo\md2pdf\1.0\dvips\config\psfonts_t1.map...
2017-05-25 01:15:34,470+0400 INFO  mkfntmap - Writing C:\NVIDIA\packman-repo\md2pdf\1.0\dvips\config\psfonts_pk.map...
2017-05-25 01:15:34,478+0400 INFO  mkfntmap - Writing C:\NVIDIA\packman-repo\md2pdf\1.0\pdftex\config\pdftex_ndl14.map...
2017-05-25 01:15:34,483+0400 INFO  mkfntmap - Writing C:\NVIDIA\packman-repo\md2pdf\1.0\pdftex\config\pdftex_dl14.map...
2017-05-25 01:15:34,489+0400 INFO  mkfntmap - Writing C:\NVIDIA\packman-repo\md2pdf\1.0\dvipdfm\config\dvipdfm_dl14.map...
2017-05-25 01:15:34,494+0400 INFO  mkfntmap - Writing C:\NVIDIA\packman-repo\md2pdf\1.0\dvipdfm\config\dvipdfm_ndl14.map...
2017-05-25 01:15:34,499+0400 INFO  mkfntmap - Copying C:\NVIDIA\packman-repo\md2pdf\1.0\dvips\config\psfonts_t1.map
2017-05-25 01:15:34,499+0400 INFO  mkfntmap -      to C:\NVIDIA\packman-repo\md2pdf\1.0\dvips\config\psfonts.map...
2017-05-25 01:15:34,500+0400 INFO  mkfntmap - Copying C:\NVIDIA\packman-repo\md2pdf\1.0\dvipdfm\config\dvipdfm_dl14.map
2017-05-25 01:15:34,500+0400 INFO  mkfntmap -      to C:\NVIDIA\packman-repo\md2pdf\1.0\dvipdfm\config\dvipdfm.map...
2017-05-25 01:15:34,501+0400 INFO  mkfntmap - Copying C:\NVIDIA\packman-repo\md2pdf\1.0\pdftex\config\pdftex_dl14.map
2017-05-25 01:15:34,501+0400 INFO  mkfntmap -      to C:\NVIDIA\packman-repo\md2pdf\1.0\pdftex\config\pdftex.map...
2017-05-25 01:15:34,505+0400 INFO  mkfntmap - running: fc-cache 
2017-05-25 01:41:34,938+0400 INFO  mkfntmap - starting with command line: 
2017-05-25 01:41:34,939+0400 INFO  mkfntmap - Parsing config file C:\NVIDIA\packman-repo\md2pdf\1.0\miktex\config\updmap.cfg...
2017-05-25 01:41:34,943+0400 INFO  mkfntmap - Parsing C:\NVIDIA\packman-repo\md2pdf\1.0\fonts\map\dvips\tetex\dvips35.map...
2017-05-25 01:41:34,945+0400 INFO  mkfntmap - Parsing C:\NVIDIA\packman-repo\md2pdf\1.0\fonts\map\dvips\tetex\pdftex35.map...
2017-05-25 01:41:34,947+0400 INFO  mkfntmap - Parsing C:\NVIDIA\packman-repo\md2pdf\1.0\fonts\map\dvips\tetex\dvipdfm35.map...
2017-05-25 01:41:34,950+0400 INFO  mkfntmap - Parsing C:\NVIDIA\packman-repo\md2pdf\1.0\fonts\map\dvips\tetex\ps2pk35.map...
2017-05-25 01:41:34,959+0400 INFO  mkfntmap - Parsing C:\NVIDIA\packman-repo\md2pdf\1.0\fonts\map\dvips\amsfonts\cm.map...
2017-05-25 01:41:34,960+0400 INFO  mkfntmap - Parsing C:\NVIDIA\packman-repo\md2pdf\1.0\fonts\map\dvips\amsfonts\cmextra.map...
2017-05-25 01:41:34,962+0400 INFO  mkfntmap - Parsing C:\NVIDIA\packman-repo\md2pdf\1.0\fonts\map\dvips\amsfonts\cyrillic.map...
2017-05-25 01:41:34,964+0400 INFO  mkfntmap - Parsing C:\NVIDIA\packman-repo\md2pdf\1.0\fonts\map\dvips\amsfonts\euler.map...
2017-05-25 01:41:34,965+0400 INFO  mkfntmap - Parsing C:\NVIDIA\packman-repo\md2pdf\1.0\dvips\eurosym\eurosym.map...
2017-05-25 01:41:34,967+0400 INFO  mkfntmap - Parsing C:\NVIDIA\packman-repo\md2pdf\1.0\fonts\map\dvips\amsfonts\latxfont.map...
2017-05-25 01:41:34,969+0400 INFO  mkfntmap - Parsing C:\NVIDIA\packman-repo\md2pdf\1.0\fonts\map\dvips\mflogo-font\mflogo.map...
2017-05-25 01:41:34,972+0400 INFO  mkfntmap - Parsing C:\NVIDIA\packman-repo\md2pdf\1.0\fonts\map\dvips\rsfs\rsfs.map...
2017-05-25 01:41:34,974+0400 INFO  mkfntmap - Parsing C:\NVIDIA\packman-repo\md2pdf\1.0\fonts\map\dvips\amsfonts\symbols.map...
2017-05-25 01:41:34,977+0400 INFO  mkfntmap - Parsing C:\NVIDIA\packman-repo\md2pdf\1.0\fonts\map\dvips\xypic\xypic.map...
2017-05-25 01:41:35,004+0400 INFO  mkfntmap - Parsing C:\NVIDIA\packman-repo\md2pdf\1.0\fonts\map\dvips\psnfss\charter.map...
2017-05-25 01:41:35,013+0400 INFO  mkfntmap - Parsing C:\NVIDIA\packman-repo\md2pdf\1.0\fonts\map\dvips\psnfss\fpls.map...
2017-05-25 01:41:35,023+0400 INFO  mkfntmap - Parsing C:\NVIDIA\packman-repo\md2pdf\1.0\fonts\map\dvips\lm\lm.map...
2017-05-25 01:41:35,041+0400 INFO  mkfntmap - Parsing C:\NVIDIA\packman-repo\md2pdf\1.0\fonts\map\dvips\psnfss\pazo.map...
2017-05-25 01:41:35,041+0400 INFO  mkfntmap - Parsing C:\NVIDIA\packman-repo\md2pdf\1.0\fonts\map\dvips\pslatex\pcrr8rn.map...
2017-05-25 01:41:35,044+0400 INFO  mkfntmap - Parsing C:\NVIDIA\packman-repo\md2pdf\1.0\fonts\map\dvips\psnfss\psnfss.map...
2017-05-25 01:41:35,052+0400 INFO  mkfntmap - Parsing C:\NVIDIA\packman-repo\md2pdf\1.0\fonts\map\dvips\avantgar\uag.map...
2017-05-25 01:41:35,053+0400 INFO  mkfntmap - Parsing C:\NVIDIA\packman-repo\md2pdf\1.0\fonts\map\dvips\bookman\ubk.map...
2017-05-25 01:41:35,054+0400 INFO  mkfntmap - Parsing C:\NVIDIA\packman-repo\md2pdf\1.0\fonts\map\dvips\courier\ucr.map...
2017-05-25 01:41:35,055+0400 INFO  mkfntmap - Parsing C:\NVIDIA\packman-repo\md2pdf\1.0\fonts\map\dvips\helvetic\uhv.map...
2017-05-25 01:41:35,055+0400 INFO  mkfntmap - Parsing C:\NVIDIA\packman-repo\md2pdf\1.0\fonts\map\dvips\ncntrsbk\unc.map...
2017-05-25 01:41:35,056+0400 INFO  mkfntmap - Parsing C:\NVIDIA\packman-repo\md2pdf\1.0\fonts\map\dvips\palatino\upl.map...
2017-05-25 01:41:35,057+0400 INFO  mkfntmap - Parsing C:\NVIDIA\packman-repo\md2pdf\1.0\fonts\map\dvips\times\utm.map...
2017-05-25 01:41:35,058+0400 INFO  mkfntmap - Parsing C:\NVIDIA\packman-repo\md2pdf\1.0\fonts\map\dvips\psnfss\utopia.map...
2017-05-25 01:41:35,058+0400 INFO  mkfntmap - Parsing C:\NVIDIA\packman-repo\md2pdf\1.0\fonts\map\dvips\zapfchan\uzc.map...
2017-05-25 01:41:35,059+0400 INFO  mkfntmap - Parsing C:\NVIDIA\packman-repo\md2pdf\1.0\fonts\map\dvips\zapfding\uzd.map...
2017-05-25 01:41:35,063+0400 INFO  mkfntmap - Writing C:\NVIDIA\packman-repo\md2pdf\1.0\dvips\config\ps2pk.map...
2017-05-25 01:41:35,069+0400 INFO  mkfntmap - Writing C:\NVIDIA\packman-repo\md2pdf\1.0\dvips\config\download35.map...
2017-05-25 01:41:35,071+0400 INFO  mkfntmap - Writing C:\NVIDIA\packman-repo\md2pdf\1.0\dvips\config\builtin35.map...
2017-05-25 01:41:35,073+0400 INFO  mkfntmap - Writing C:\NVIDIA\packman-repo\md2pdf\1.0\dvips\config\psfonts_t1.map...
2017-05-25 01:41:35,079+0400 INFO  mkfntmap - Writing C:\NVIDIA\packman-repo\md2pdf\1.0\dvips\config\psfonts_pk.map...
2017-05-25 01:41:35,086+0400 INFO  mkfntmap - Writing C:\NVIDIA\packman-repo\md2pdf\1.0\pdftex\config\pdftex_ndl14.map...
2017-05-25 01:41:35,091+0400 INFO  mkfntmap - Writing C:\NVIDIA\packman-repo\md2pdf\1.0\pdftex\config\pdftex_dl14.map...
2017-05-25 01:41:35,097+0400 INFO  mkfntmap - Writing C:\NVIDIA\packman-repo\md2pdf\1.0\dvipdfm\config\dvipdfm_dl14.map...
2017-05-25 01:41:35,103+0400 INFO  mkfntmap - Writing C:\NVIDIA\packman-repo\md2pdf\1.0\dvipdfm\config\dvipdfm_ndl14.map...
2017-05-25 01:41:35,108+0400 INFO  mkfntmap - Copying C:\NVIDIA\packman-repo\md2pdf\1.0\dvips\config\psfonts_t1.map
2017-05-25 01:41:35,108+0400 INFO  mkfntmap -      to C:\NVIDIA\packman-repo\md2pdf\1.0\dvips\config\psfonts.map...
2017-05-25 01:41:35,109+0400 INFO  mkfntmap - Copying C:\NVIDIA\packman-repo\md2pdf\1.0\dvipdfm\config\dvipdfm_dl14.map
2017-05-25 01:41:35,109+0400 INFO  mkfntmap -      to C:\NVIDIA\packman-repo\md2pdf\1.0\dvipdfm\config\dvipdfm.map...
2017-05-25 01:41:35,110+0400 INFO  mkfntmap - Copying C:\NVIDIA\packman-repo\md2pdf\1.0\pdftex\config\pdftex_dl14.map
2017-05-25 01:41:35,110+0400 INFO  mkfntmap -      to C:\NVIDIA\packman-repo\md2pdf\1.0\pdftex\config\pdftex.map...
2017-05-25 01:41:35,114+0400 INFO  mkfntmap - running: fc-cache 
